CRITICAL - 2022-06-12 20:13:48 --> Undefined variable $beer
#0 C:\xampp\htdocs\ci\app\Views\cervezas\listar.php(20): CodeIgniter\Debug\Exceptions->errorHandler(2, 'Undefined varia...', 'C:\\xampp\\htdocs...', 20)
#1 C:\xampp\htdocs\ci\system\View\View.php(210): include('C:\\xampp\\htdocs...')
#2 C:\xampp\htdocs\ci\system\View\View.php(213): CodeIgniter\View\View->CodeIgniter\View\{closure}()
#3 C:\xampp\htdocs\ci\system\Common.php(1089): CodeIgniter\View\View->render('cervezas/listar', Array, true)
#4 C:\xampp\htdocs\ci\app\Controllers\Beer.php(85): view('cervezas/listar', Array)
#5 C:\xampp\htdocs\ci\system\CodeIgniter.php(832): App\Controllers\Beer->actualizar()
#6 C:\xampp\htdocs\ci\system\CodeIgniter.php(419): CodeIgniter\CodeIgniter->runController(Object(App\Controllers\Beer))
#7 C:\xampp\htdocs\ci\system\CodeIgniter.php(326): CodeIgniter\CodeIgniter->handleRequest(NULL, Object(Config\Cache), false)
#8 C:\xampp\htdocs\ci\public\index.php(37): CodeIgniter\CodeIgniter->run()
#9 {main}
CRITICAL - 2022-06-12 20:15:37 --> Call to a member function getVar() on null
#0 C:\xampp\htdocs\ci\system\CodeIgniter.php(832): App\Controllers\Beer->actualizar()
#1 C:\xampp\htdocs\ci\system\CodeIgniter.php(419): CodeIgniter\CodeIgniter->runController(Object(App\Controllers\Beer))
#2 C:\xampp\htdocs\ci\system\CodeIgniter.php(326): CodeIgniter\CodeIgniter->handleRequest(NULL, Object(Config\Cache), false)
#3 C:\xampp\htdocs\ci\public\index.php(37): CodeIgniter\CodeIgniter->run()
#4 {main}
CRITICAL - 2022-06-12 20:19:22 --> Call to a member function getVar() on null
#0 C:\xampp\htdocs\ci\system\CodeIgniter.php(832): App\Controllers\Beer->actualizar()
#1 C:\xampp\htdocs\ci\system\CodeIgniter.php(419): CodeIgniter\CodeIgniter->runController(Object(App\Controllers\Beer))
#2 C:\xampp\htdocs\ci\system\CodeIgniter.php(326): CodeIgniter\CodeIgniter->handleRequest(NULL, Object(Config\Cache), false)
#3 C:\xampp\htdocs\ci\public\index.php(37): CodeIgniter\CodeIgniter->run()
#4 {main}
CRITICAL - 2022-06-12 20:20:08 --> Undefined variable $beer
#0 C:\xampp\htdocs\ci\app\Views\cervezas\listar.php(20): CodeIgniter\Debug\Exceptions->errorHandler(2, 'Undefined varia...', 'C:\\xampp\\htdocs...', 20)
#1 C:\xampp\htdocs\ci\system\View\View.php(210): include('C:\\xampp\\htdocs...')
#2 C:\xampp\htdocs\ci\system\View\View.php(213): CodeIgniter\View\View->CodeIgniter\View\{closure}()
#3 C:\xampp\htdocs\ci\system\Common.php(1089): CodeIgniter\View\View->render('cervezas/listar', Array, true)
#4 C:\xampp\htdocs\ci\app\Controllers\Beer.php(86): view('cervezas/listar', Array)
#5 C:\xampp\htdocs\ci\system\CodeIgniter.php(832): App\Controllers\Beer->actualizar()
#6 C:\xampp\htdocs\ci\system\CodeIgniter.php(419): CodeIgniter\CodeIgniter->runController(Object(App\Controllers\Beer))
#7 C:\xampp\htdocs\ci\system\CodeIgniter.php(326): CodeIgniter\CodeIgniter->handleRequest(NULL, Object(Config\Cache), false)
#8 C:\xampp\htdocs\ci\public\index.php(37): CodeIgniter\CodeIgniter->run()
#9 {main}
CRITICAL - 2022-06-12 20:20:28 --> Undefined variable $beer
#0 C:\xampp\htdocs\ci\app\Views\cervezas\listar.php(20): CodeIgniter\Debug\Exceptions->errorHandler(2, 'Undefined varia...', 'C:\\xampp\\htdocs...', 20)
#1 C:\xampp\htdocs\ci\system\View\View.php(210): include('C:\\xampp\\htdocs...')
#2 C:\xampp\htdocs\ci\system\View\View.php(213): CodeIgniter\View\View->CodeIgniter\View\{closure}()
#3 C:\xampp\htdocs\ci\system\Common.php(1089): CodeIgniter\View\View->render('cervezas/listar', Array, true)
#4 C:\xampp\htdocs\ci\app\Controllers\Beer.php(86): view('cervezas/listar', Array)
#5 C:\xampp\htdocs\ci\system\CodeIgniter.php(832): App\Controllers\Beer->actualizar()
#6 C:\xampp\htdocs\ci\system\CodeIgniter.php(419): CodeIgniter\CodeIgniter->runController(Object(App\Controllers\Beer))
#7 C:\xampp\htdocs\ci\system\CodeIgniter.php(326): CodeIgniter\CodeIgniter->handleRequest(NULL, Object(Config\Cache), false)
#8 C:\xampp\htdocs\ci\public\index.php(37): CodeIgniter\CodeIgniter->run()
#9 {main}
CRITICAL - 2022-06-12 20:21:03 --> Array to string conversion
#0 C:\xampp\htdocs\ci\app\Controllers\Beer.php(86): CodeIgniter\Debug\Exceptions->errorHandler(2, 'Array to string...', 'C:\\xampp\\htdocs...', 86)
#1 C:\xampp\htdocs\ci\system\CodeIgniter.php(832): App\Controllers\Beer->actualizar()
#2 C:\xampp\htdocs\ci\system\CodeIgniter.php(419): CodeIgniter\CodeIgniter->runController(Object(App\Controllers\Beer))
#3 C:\xampp\htdocs\ci\system\CodeIgniter.php(326): CodeIgniter\CodeIgniter->handleRequest(NULL, Object(Config\Cache), false)
#4 C:\xampp\htdocs\ci\public\index.php(37): CodeIgniter\CodeIgniter->run()
#5 {main}
CRITICAL - 2022-06-12 20:21:14 --> view(): Argument #2 ($data) must be of type array, App\Models\Cerveza given, called in C:\xampp\htdocs\ci\app\Controllers\Beer.php on line 86
#0 C:\xampp\htdocs\ci\app\Controllers\Beer.php(86): view('cervezas/listar', Object(App\Models\Cerveza))
#1 C:\xampp\htdocs\ci\system\CodeIgniter.php(832): App\Controllers\Beer->actualizar()
#2 C:\xampp\htdocs\ci\system\CodeIgniter.php(419): CodeIgniter\CodeIgniter->runController(Object(App\Controllers\Beer))
#3 C:\xampp\htdocs\ci\system\CodeIgniter.php(326): CodeIgniter\CodeIgniter->handleRequest(NULL, Object(Config\Cache), false)
#4 C:\xampp\htdocs\ci\public\index.php(37): CodeIgniter\CodeIgniter->run()
#5 {main}
CRITICAL - 2022-06-12 20:26:54 --> Trying to access array offset on value of type null
#0 C:\xampp\htdocs\ci\app\Views\cervezas\editar.php(9): CodeIgniter\Debug\Exceptions->errorHandler(2, 'Trying to acces...', 'C:\\xampp\\htdocs...', 9)
#1 C:\xampp\htdocs\ci\system\View\View.php(210): include('C:\\xampp\\htdocs...')
#2 C:\xampp\htdocs\ci\system\View\View.php(213): CodeIgniter\View\View->CodeIgniter\View\{closure}()
#3 C:\xampp\htdocs\ci\system\Common.php(1089): CodeIgniter\View\View->render('cervezas/editar', Array, true)
#4 C:\xampp\htdocs\ci\app\Controllers\Beer.php(70): view('cervezas/editar', Array)
#5 C:\xampp\htdocs\ci\system\CodeIgniter.php(832): App\Controllers\Beer->editar('9')
#6 C:\xampp\htdocs\ci\system\CodeIgniter.php(419): CodeIgniter\CodeIgniter->runController(Object(App\Controllers\Beer))
#7 C:\xampp\htdocs\ci\system\CodeIgniter.php(326): CodeIgniter\CodeIgniter->handleRequest(NULL, Object(Config\Cache), false)
#8 C:\xampp\htdocs\ci\public\index.php(37): CodeIgniter\CodeIgniter->run()
#9 {main}
CRITICAL - 2022-06-12 20:27:37 --> Trying to access array offset on value of type null
#0 C:\xampp\htdocs\ci\app\Views\cervezas\editar.php(9): CodeIgniter\Debug\Exceptions->errorHandler(2, 'Trying to acces...', 'C:\\xampp\\htdocs...', 9)
#1 C:\xampp\htdocs\ci\system\View\View.php(210): include('C:\\xampp\\htdocs...')
#2 C:\xampp\htdocs\ci\system\View\View.php(213): CodeIgniter\View\View->CodeIgniter\View\{closure}()
#3 C:\xampp\htdocs\ci\system\Common.php(1089): CodeIgniter\View\View->render('cervezas/editar', Array, true)
#4 C:\xampp\htdocs\ci\app\Controllers\Beer.php(70): view('cervezas/editar', Array)
#5 C:\xampp\htdocs\ci\system\CodeIgniter.php(832): App\Controllers\Beer->editar('9')
#6 C:\xampp\htdocs\ci\system\CodeIgniter.php(419): CodeIgniter\CodeIgniter->runController(Object(App\Controllers\Beer))
#7 C:\xampp\htdocs\ci\system\CodeIgniter.php(326): CodeIgniter\CodeIgniter->handleRequest(NULL, Object(Config\Cache), false)
#8 C:\xampp\htdocs\ci\public\index.php(37): CodeIgniter\CodeIgniter->run()
#9 {main}
CRITICAL - 2022-06-12 20:29:48 --> Trying to access array offset on value of type null
#0 C:\xampp\htdocs\ci\app\Views\cervezas\editar.php(9): CodeIgniter\Debug\Exceptions->errorHandler(2, 'Trying to acces...', 'C:\\xampp\\htdocs...', 9)
#1 C:\xampp\htdocs\ci\system\View\View.php(210): include('C:\\xampp\\htdocs...')
#2 C:\xampp\htdocs\ci\system\View\View.php(213): CodeIgniter\View\View->CodeIgniter\View\{closure}()
#3 C:\xampp\htdocs\ci\system\Common.php(1089): CodeIgniter\View\View->render('cervezas/editar', Array, true)
#4 C:\xampp\htdocs\ci\app\Controllers\Beer.php(70): view('cervezas/editar', Array)
#5 C:\xampp\htdocs\ci\system\CodeIgniter.php(832): App\Controllers\Beer->editar('9')
#6 C:\xampp\htdocs\ci\system\CodeIgniter.php(419): CodeIgniter\CodeIgniter->runController(Object(App\Controllers\Beer))
#7 C:\xampp\htdocs\ci\system\CodeIgniter.php(326): CodeIgniter\CodeIgniter->handleRequest(NULL, Object(Config\Cache), false)
#8 C:\xampp\htdocs\ci\public\index.php(37): CodeIgniter\CodeIgniter->run()
#9 {main}
CRITICAL - 2022-06-12 20:35:04 --> syntax error, unexpected token "=>", expecting "]"
#0 C:\xampp\htdocs\ci\system\Autoloader\Autoloader.php(241): CodeIgniter\Autoloader\Autoloader->includeFile('C:\\xampp\\htdocs...')
#1 C:\xampp\htdocs\ci\system\Autoloader\Autoloader.php(219): CodeIgniter\Autoloader\Autoloader->loadInNamespace('App\\Controllers...')
#2 [internal function]: CodeIgniter\Autoloader\Autoloader->loadClass('App\\Controllers...')
#3 C:\xampp\htdocs\ci\system\CodeIgniter.php(797): class_exists('\\App\\Controller...', true)
#4 C:\xampp\htdocs\ci\system\CodeIgniter.php(406): CodeIgniter\CodeIgniter->startController()
#5 C:\xampp\htdocs\ci\system\CodeIgniter.php(326): CodeIgniter\CodeIgniter->handleRequest(NULL, Object(Config\Cache), false)
#6 C:\xampp\htdocs\ci\public\index.php(37): CodeIgniter\CodeIgniter->run()
#7 {main}
CRITICAL - 2022-06-12 20:37:29 --> Trying to access array offset on value of type null
#0 C:\xampp\htdocs\ci\app\Views\cervezas\editar.php(9): CodeIgniter\Debug\Exceptions->errorHandler(2, 'Trying to acces...', 'C:\\xampp\\htdocs...', 9)
#1 C:\xampp\htdocs\ci\system\View\View.php(210): include('C:\\xampp\\htdocs...')
#2 C:\xampp\htdocs\ci\system\View\View.php(213): CodeIgniter\View\View->CodeIgniter\View\{closure}()
#3 C:\xampp\htdocs\ci\system\Common.php(1089): CodeIgniter\View\View->render('cervezas/editar', Array, true)
#4 C:\xampp\htdocs\ci\app\Controllers\Beer.php(71): view('cervezas/editar', Array)
#5 C:\xampp\htdocs\ci\system\CodeIgniter.php(832): App\Controllers\Beer->editar('9')
#6 C:\xampp\htdocs\ci\system\CodeIgniter.php(419): CodeIgniter\CodeIgniter->runController(Object(App\Controllers\Beer))
#7 C:\xampp\htdocs\ci\system\CodeIgniter.php(326): CodeIgniter\CodeIgniter->handleRequest(NULL, Object(Config\Cache), false)
#8 C:\xampp\htdocs\ci\public\index.php(37): CodeIgniter\CodeIgniter->run()
#9 {main}
CRITICAL - 2022-06-12 20:38:02 --> Undefined variable $data
#0 C:\xampp\htdocs\ci\app\Views\cervezas\editar.php(2): CodeIgniter\Debug\Exceptions->errorHandler(2, 'Undefined varia...', 'C:\\xampp\\htdocs...', 2)
#1 C:\xampp\htdocs\ci\system\View\View.php(210): include('C:\\xampp\\htdocs...')
#2 C:\xampp\htdocs\ci\system\View\View.php(213): CodeIgniter\View\View->CodeIgniter\View\{closure}()
#3 C:\xampp\htdocs\ci\system\Common.php(1089): CodeIgniter\View\View->render('cervezas/editar', Array, true)
#4 C:\xampp\htdocs\ci\app\Controllers\Beer.php(70): view('cervezas/editar', Array)
#5 C:\xampp\htdocs\ci\system\CodeIgniter.php(832): App\Controllers\Beer->editar('9')
#6 C:\xampp\htdocs\ci\system\CodeIgniter.php(419): CodeIgniter\CodeIgniter->runController(Object(App\Controllers\Beer))
#7 C:\xampp\htdocs\ci\system\CodeIgniter.php(326): CodeIgniter\CodeIgniter->handleRequest(NULL, Object(Config\Cache), false)
#8 C:\xampp\htdocs\ci\public\index.php(37): CodeIgniter\CodeIgniter->run()
#9 {main}
CRITICAL - 2022-06-12 20:39:09 --> Undefined variable $header
#0 C:\xampp\htdocs\ci\app\Views\cervezas\crear.php(1): CodeIgniter\Debug\Exceptions->errorHandler(2, 'Undefined varia...', 'C:\\xampp\\htdocs...', 1)
#1 C:\xampp\htdocs\ci\system\View\View.php(210): include('C:\\xampp\\htdocs...')
#2 C:\xampp\htdocs\ci\system\View\View.php(213): CodeIgniter\View\View->CodeIgniter\View\{closure}()
#3 C:\xampp\htdocs\ci\system\Common.php(1089): CodeIgniter\View\View->render('cervezas/crear', Array, true)
#4 C:\xampp\htdocs\ci\app\Controllers\Home.php(9): view('cervezas/crear')
#5 C:\xampp\htdocs\ci\system\CodeIgniter.php(832): App\Controllers\Home->index()
#6 C:\xampp\htdocs\ci\system\CodeIgniter.php(419): CodeIgniter\CodeIgniter->runController(Object(App\Controllers\Home))
#7 C:\xampp\htdocs\ci\system\CodeIgniter.php(326): CodeIgniter\CodeIgniter->handleRequest(NULL, Object(Config\Cache), false)
#8 C:\xampp\htdocs\ci\public\index.php(37): CodeIgniter\CodeIgniter->run()
#9 {main}
CRITICAL - 2022-06-12 20:39:20 --> Undefined variable $data
#0 C:\xampp\htdocs\ci\app\Views\cervezas\editar.php(2): CodeIgniter\Debug\Exceptions->errorHandler(2, 'Undefined varia...', 'C:\\xampp\\htdocs...', 2)
#1 C:\xampp\htdocs\ci\system\View\View.php(210): include('C:\\xampp\\htdocs...')
#2 C:\xampp\htdocs\ci\system\View\View.php(213): CodeIgniter\View\View->CodeIgniter\View\{closure}()
#3 C:\xampp\htdocs\ci\system\Common.php(1089): CodeIgniter\View\View->render('cervezas/editar', Array, true)
#4 C:\xampp\htdocs\ci\app\Controllers\Beer.php(70): view('cervezas/editar', Array)
#5 C:\xampp\htdocs\ci\system\CodeIgniter.php(832): App\Controllers\Beer->editar('15')
#6 C:\xampp\htdocs\ci\system\CodeIgniter.php(419): CodeIgniter\CodeIgniter->runController(Object(App\Controllers\Beer))
#7 C:\xampp\htdocs\ci\system\CodeIgniter.php(326): CodeIgniter\CodeIgniter->handleRequest(NULL, Object(Config\Cache), false)
#8 C:\xampp\htdocs\ci\public\index.php(37): CodeIgniter\CodeIgniter->run()
#9 {main}
CRITICAL - 2022-06-12 20:40:05 --> Undefined variable $data
#0 C:\xampp\htdocs\ci\app\Views\cervezas\editar.php(2): CodeIgniter\Debug\Exceptions->errorHandler(2, 'Undefined varia...', 'C:\\xampp\\htdocs...', 2)
#1 C:\xampp\htdocs\ci\system\View\View.php(210): include('C:\\xampp\\htdocs...')
#2 C:\xampp\htdocs\ci\system\View\View.php(213): CodeIgniter\View\View->CodeIgniter\View\{closure}()
#3 C:\xampp\htdocs\ci\system\Common.php(1089): CodeIgniter\View\View->render('cervezas/editar', Array, true)
#4 C:\xampp\htdocs\ci\app\Controllers\Beer.php(67): view('cervezas/editar', Array)
#5 C:\xampp\htdocs\ci\system\CodeIgniter.php(832): App\Controllers\Beer->editar('15')
#6 C:\xampp\htdocs\ci\system\CodeIgniter.php(419): CodeIgniter\CodeIgniter->runController(Object(App\Controllers\Beer))
#7 C:\xampp\htdocs\ci\system\CodeIgniter.php(326): CodeIgniter\CodeIgniter->handleRequest(NULL, Object(Config\Cache), false)
#8 C:\xampp\htdocs\ci\public\index.php(37): CodeIgniter\CodeIgniter->run()
#9 {main}
CRITICAL - 2022-06-12 20:40:23 --> Undefined variable $data
#0 C:\xampp\htdocs\ci\app\Views\cervezas\editar.php(9): CodeIgniter\Debug\Exceptions->errorHandler(2, 'Undefined varia...', 'C:\\xampp\\htdocs...', 9)
#1 C:\xampp\htdocs\ci\system\View\View.php(210): include('C:\\xampp\\htdocs...')
#2 C:\xampp\htdocs\ci\system\View\View.php(213): CodeIgniter\View\View->CodeIgniter\View\{closure}()
#3 C:\xampp\htdocs\ci\system\Common.php(1089): CodeIgniter\View\View->render('cervezas/editar', Array, true)
#4 C:\xampp\htdocs\ci\app\Controllers\Beer.php(67): view('cervezas/editar', Array)
#5 C:\xampp\htdocs\ci\system\CodeIgniter.php(832): App\Controllers\Beer->editar('15')
#6 C:\xampp\htdocs\ci\system\CodeIgniter.php(419): CodeIgniter\CodeIgniter->runController(Object(App\Controllers\Beer))
#7 C:\xampp\htdocs\ci\system\CodeIgniter.php(326): CodeIgniter\CodeIgniter->handleRequest(NULL, Object(Config\Cache), false)
#8 C:\xampp\htdocs\ci\public\index.php(37): CodeIgniter\CodeIgniter->run()
#9 {main}
CRITICAL - 2022-06-12 20:40:26 --> Undefined variable $data
#0 C:\xampp\htdocs\ci\app\Views\cervezas\editar.php(9): CodeIgniter\Debug\Exceptions->errorHandler(2, 'Undefined varia...', 'C:\\xampp\\htdocs...', 9)
#1 C:\xampp\htdocs\ci\system\View\View.php(210): include('C:\\xampp\\htdocs...')
#2 C:\xampp\htdocs\ci\system\View\View.php(213): CodeIgniter\View\View->CodeIgniter\View\{closure}()
#3 C:\xampp\htdocs\ci\system\Common.php(1089): CodeIgniter\View\View->render('cervezas/editar', Array, true)
#4 C:\xampp\htdocs\ci\app\Controllers\Beer.php(67): view('cervezas/editar', Array)
#5 C:\xampp\htdocs\ci\system\CodeIgniter.php(832): App\Controllers\Beer->editar('15')
#6 C:\xampp\htdocs\ci\system\CodeIgniter.php(419): CodeIgniter\CodeIgniter->runController(Object(App\Controllers\Beer))
#7 C:\xampp\htdocs\ci\system\CodeIgniter.php(326): CodeIgniter\CodeIgniter->handleRequest(NULL, Object(Config\Cache), false)
#8 C:\xampp\htdocs\ci\public\index.php(37): CodeIgniter\CodeIgniter->run()
#9 {main}
CRITICAL - 2022-06-12 20:41:08 --> Undefined variable $data
#0 C:\xampp\htdocs\ci\app\Views\cervezas\editar.php(9): CodeIgniter\Debug\Exceptions->errorHandler(2, 'Undefined varia...', 'C:\\xampp\\htdocs...', 9)
#1 C:\xampp\htdocs\ci\system\View\View.php(210): include('C:\\xampp\\htdocs...')
#2 C:\xampp\htdocs\ci\system\View\View.php(213): CodeIgniter\View\View->CodeIgniter\View\{closure}()
#3 C:\xampp\htdocs\ci\system\Common.php(1089): CodeIgniter\View\View->render('cervezas/editar', Array, true)
#4 C:\xampp\htdocs\ci\app\Controllers\Beer.php(67): view('cervezas/editar', Array)
#5 C:\xampp\htdocs\ci\system\CodeIgniter.php(832): App\Controllers\Beer->editar('15')
#6 C:\xampp\htdocs\ci\system\CodeIgniter.php(419): CodeIgniter\CodeIgniter->runController(Object(App\Controllers\Beer))
#7 C:\xampp\htdocs\ci\system\CodeIgniter.php(326): CodeIgniter\CodeIgniter->handleRequest(NULL, Object(Config\Cache), false)
#8 C:\xampp\htdocs\ci\public\index.php(37): CodeIgniter\CodeIgniter->run()
#9 {main}
CRITICAL - 2022-06-12 20:41:48 --> Undefined variable $data
#0 C:\xampp\htdocs\ci\app\Views\cervezas\editar.php(12): CodeIgniter\Debug\Exceptions->errorHandler(2, 'Undefined varia...', 'C:\\xampp\\htdocs...', 12)
#1 C:\xampp\htdocs\ci\system\View\View.php(210): include('C:\\xampp\\htdocs...')
#2 C:\xampp\htdocs\ci\system\View\View.php(213): CodeIgniter\View\View->CodeIgniter\View\{closure}()
#3 C:\xampp\htdocs\ci\system\Common.php(1089): CodeIgniter\View\View->render('cervezas/editar', Array, true)
#4 C:\xampp\htdocs\ci\app\Controllers\Beer.php(67): view('cervezas/editar', Array)
#5 C:\xampp\htdocs\ci\system\CodeIgniter.php(832): App\Controllers\Beer->editar('15')
#6 C:\xampp\htdocs\ci\system\CodeIgniter.php(419): CodeIgniter\CodeIgniter->runController(Object(App\Controllers\Beer))
#7 C:\xampp\htdocs\ci\system\CodeIgniter.php(326): CodeIgniter\CodeIgniter->handleRequest(NULL, Object(Config\Cache), false)
#8 C:\xampp\htdocs\ci\public\index.php(37): CodeIgniter\CodeIgniter->run()
#9 {main}
CRITICAL - 2022-06-12 20:42:26 --> Undefined variable $beer
#0 C:\xampp\htdocs\ci\app\Views\cervezas\listar.php(20): CodeIgniter\Debug\Exceptions->errorHandler(2, 'Undefined varia...', 'C:\\xampp\\htdocs...', 20)
#1 C:\xampp\htdocs\ci\system\View\View.php(210): include('C:\\xampp\\htdocs...')
#2 C:\xampp\htdocs\ci\system\View\View.php(213): CodeIgniter\View\View->CodeIgniter\View\{closure}()
#3 C:\xampp\htdocs\ci\system\Common.php(1089): CodeIgniter\View\View->render('cervezas/listar', Array, true)
#4 C:\xampp\htdocs\ci\app\Controllers\Beer.php(83): view('cervezas/listar', Array)
#5 C:\xampp\htdocs\ci\system\CodeIgniter.php(832): App\Controllers\Beer->actualizar()
#6 C:\xampp\htdocs\ci\system\CodeIgniter.php(419): CodeIgniter\CodeIgniter->runController(Object(App\Controllers\Beer))
#7 C:\xampp\htdocs\ci\system\CodeIgniter.php(326): CodeIgniter\CodeIgniter->handleRequest(NULL, Object(Config\Cache), false)
#8 C:\xampp\htdocs\ci\public\index.php(37): CodeIgniter\CodeIgniter->run()
#9 {main}
CRITICAL - 2022-06-12 20:42:49 --> Undefined variable $beer
#0 C:\xampp\htdocs\ci\app\Views\cervezas\listar.php(20): CodeIgniter\Debug\Exceptions->errorHandler(2, 'Undefined varia...', 'C:\\xampp\\htdocs...', 20)
#1 C:\xampp\htdocs\ci\system\View\View.php(210): include('C:\\xampp\\htdocs...')
#2 C:\xampp\htdocs\ci\system\View\View.php(213): CodeIgniter\View\View->CodeIgniter\View\{closure}()
#3 C:\xampp\htdocs\ci\system\Common.php(1089): CodeIgniter\View\View->render('cervezas/listar', Array, true)
#4 C:\xampp\htdocs\ci\app\Controllers\Beer.php(83): view('cervezas/listar', Array)
#5 C:\xampp\htdocs\ci\system\CodeIgniter.php(832): App\Controllers\Beer->actualizar()
#6 C:\xampp\htdocs\ci\system\CodeIgniter.php(419): CodeIgniter\CodeIgniter->runController(Object(App\Controllers\Beer))
#7 C:\xampp\htdocs\ci\system\CodeIgniter.php(326): CodeIgniter\CodeIgniter->handleRequest(NULL, Object(Config\Cache), false)
#8 C:\xampp\htdocs\ci\public\index.php(37): CodeIgniter\CodeIgniter->run()
#9 {main}
CRITICAL - 2022-06-12 21:46:44 --> Undefined constant "App\Controllers\required"
#0 C:\xampp\htdocs\ci\system\CodeIgniter.php(832): App\Controllers\Beer->guardar()
#1 C:\xampp\htdocs\ci\system\CodeIgniter.php(419): CodeIgniter\CodeIgniter->runController(Object(App\Controllers\Beer))
#2 C:\xampp\htdocs\ci\system\CodeIgniter.php(326): CodeIgniter\CodeIgniter->handleRequest(NULL, Object(Config\Cache), false)
#3 C:\xampp\htdocs\ci\public\index.php(37): CodeIgniter\CodeIgniter->run()
#4 {main}
CRITICAL - 2022-06-12 21:47:01 --> Undefined constant "App\Controllers\required"
#0 C:\xampp\htdocs\ci\system\CodeIgniter.php(832): App\Controllers\Beer->guardar()
#1 C:\xampp\htdocs\ci\system\CodeIgniter.php(419): CodeIgniter\CodeIgniter->runController(Object(App\Controllers\Beer))
#2 C:\xampp\htdocs\ci\system\CodeIgniter.php(326): CodeIgniter\CodeIgniter->handleRequest(NULL, Object(Config\Cache), false)
#3 C:\xampp\htdocs\ci\public\index.php(37): CodeIgniter\CodeIgniter->run()
#4 {main}
CRITICAL - 2022-06-12 21:47:10 --> Undefined constant "App\Controllers\required"
#0 C:\xampp\htdocs\ci\system\CodeIgniter.php(832): App\Controllers\Beer->guardar()
#1 C:\xampp\htdocs\ci\system\CodeIgniter.php(419): CodeIgniter\CodeIgniter->runController(Object(App\Controllers\Beer))
#2 C:\xampp\htdocs\ci\system\CodeIgniter.php(326): CodeIgniter\CodeIgniter->handleRequest(NULL, Object(Config\Cache), false)
#3 C:\xampp\htdocs\ci\public\index.php(37): CodeIgniter\CodeIgniter->run()
#4 {main}
CRITICAL - 2022-06-12 21:51:07 --> Undefined constant "App\Controllers\required"
#0 C:\xampp\htdocs\ci\system\CodeIgniter.php(832): App\Controllers\Beer->guardar()
#1 C:\xampp\htdocs\ci\system\CodeIgniter.php(419): CodeIgniter\CodeIgniter->runController(Object(App\Controllers\Beer))
#2 C:\xampp\htdocs\ci\system\CodeIgniter.php(326): CodeIgniter\CodeIgniter->handleRequest(NULL, Object(Config\Cache), false)
#3 C:\xampp\htdocs\ci\public\index.php(37): CodeIgniter\CodeIgniter->run()
#4 {main}
CRITICAL - 2022-06-12 21:51:20 --> Undefined constant "App\Controllers\required"
#0 C:\xampp\htdocs\ci\system\CodeIgniter.php(832): App\Controllers\Beer->guardar()
#1 C:\xampp\htdocs\ci\system\CodeIgniter.php(419): CodeIgniter\CodeIgniter->runController(Object(App\Controllers\Beer))
#2 C:\xampp\htdocs\ci\system\CodeIgniter.php(326): CodeIgniter\CodeIgniter->handleRequest(NULL, Object(Config\Cache), false)
#3 C:\xampp\htdocs\ci\public\index.php(37): CodeIgniter\CodeIgniter->run()
#4 {main}
CRITICAL - 2022-06-12 21:52:42 --> Undefined constant "App\Controllers\required"
#0 C:\xampp\htdocs\ci\system\CodeIgniter.php(832): App\Controllers\Beer->guardar()
#1 C:\xampp\htdocs\ci\system\CodeIgniter.php(419): CodeIgniter\CodeIgniter->runController(Object(App\Controllers\Beer))
#2 C:\xampp\htdocs\ci\system\CodeIgniter.php(326): CodeIgniter\CodeIgniter->handleRequest(NULL, Object(Config\Cache), false)
#3 C:\xampp\htdocs\ci\public\index.php(37): CodeIgniter\CodeIgniter->run()
#4 {main}
CRITICAL - 2022-06-12 21:53:55 --> Undefined constant "App\Controllers\required"
#0 C:\xampp\htdocs\ci\system\CodeIgniter.php(832): App\Controllers\Beer->guardar()
#1 C:\xampp\htdocs\ci\system\CodeIgniter.php(419): CodeIgniter\CodeIgniter->runController(Object(App\Controllers\Beer))
#2 C:\xampp\htdocs\ci\system\CodeIgniter.php(326): CodeIgniter\CodeIgniter->handleRequest(NULL, Object(Config\Cache), false)
#3 C:\xampp\htdocs\ci\public\index.php(37): CodeIgniter\CodeIgniter->run()
#4 {main}
CRITICAL - 2022-06-12 21:56:37 --> min_lenght is not a valid rule.
#0 C:\xampp\htdocs\ci\system\Validation\Validation.php(300): CodeIgniter\Validation\Exceptions\ValidationException::forRuleNotFound('min_lenght')
#1 C:\xampp\htdocs\ci\system\Validation\Validation.php(157): CodeIgniter\Validation\Validation->processRules('nombre', 'nombre', 'i', Array, Array)
#2 C:\xampp\htdocs\ci\system\Controller.php(160): CodeIgniter\Validation\Validation->run()
#3 C:\xampp\htdocs\ci\app\Controllers\Beer.php(46): CodeIgniter\Controller->validate(Array)
#4 C:\xampp\htdocs\ci\system\CodeIgniter.php(832): App\Controllers\Beer->guardar()
#5 C:\xampp\htdocs\ci\system\CodeIgniter.php(419): CodeIgniter\CodeIgniter->runController(Object(App\Controllers\Beer))
#6 C:\xampp\htdocs\ci\system\CodeIgniter.php(326): CodeIgniter\CodeIgniter->handleRequest(NULL, Object(Config\Cache), false)
#7 C:\xampp\htdocs\ci\public\index.php(37): CodeIgniter\CodeIgniter->run()
#8 {main}
