CRITICAL - 2022-06-11 00:49:11 --> Undefined variable $datos
#0 C:\xampp\htdocs\ci\app\Views\cervezas\listar.php(20): CodeIgniter\Debug\Exceptions->errorHandler(2, 'Undefined varia...', 'C:\\xampp\\htdocs...', 20)
#1 C:\xampp\htdocs\ci\system\View\View.php(210): include('C:\\xampp\\htdocs...')
#2 C:\xampp\htdocs\ci\system\View\View.php(213): CodeIgniter\View\View->CodeIgniter\View\{closure}()
#3 C:\xampp\htdocs\ci\system\Common.php(1089): CodeIgniter\View\View->render('cervezas/listar', Array, true)
#4 C:\xampp\htdocs\ci\app\Controllers\Beer.php(17): view('cervezas/listar', Array)
#5 C:\xampp\htdocs\ci\system\CodeIgniter.php(832): App\Controllers\Beer->index()
#6 C:\xampp\htdocs\ci\system\CodeIgniter.php(419): CodeIgniter\CodeIgniter->runController(Object(App\Controllers\Beer))
#7 C:\xampp\htdocs\ci\system\CodeIgniter.php(326): CodeIgniter\CodeIgniter->handleRequest(NULL, Object(Config\Cache), false)
#8 C:\xampp\htdocs\ci\public\index.php(37): CodeIgniter\CodeIgniter->run()
#9 {main}
CRITICAL - 2022-06-11 00:49:55 --> Undefined variable $datos
#0 C:\xampp\htdocs\ci\app\Views\cervezas\listar.php(20): CodeIgniter\Debug\Exceptions->errorHandler(2, 'Undefined varia...', 'C:\\xampp\\htdocs...', 20)
#1 C:\xampp\htdocs\ci\system\View\View.php(210): include('C:\\xampp\\htdocs...')
#2 C:\xampp\htdocs\ci\system\View\View.php(213): CodeIgniter\View\View->CodeIgniter\View\{closure}()
#3 C:\xampp\htdocs\ci\system\Common.php(1089): CodeIgniter\View\View->render('cervezas/listar', Array, true)
#4 C:\xampp\htdocs\ci\app\Controllers\Beer.php(17): view('cervezas/listar', Array)
#5 C:\xampp\htdocs\ci\system\CodeIgniter.php(832): App\Controllers\Beer->index()
#6 C:\xampp\htdocs\ci\system\CodeIgniter.php(419): CodeIgniter\CodeIgniter->runController(Object(App\Controllers\Beer))
#7 C:\xampp\htdocs\ci\system\CodeIgniter.php(326): CodeIgniter\CodeIgniter->handleRequest(NULL, Object(Config\Cache), false)
#8 C:\xampp\htdocs\ci\public\index.php(37): CodeIgniter\CodeIgniter->run()
#9 {main}
CRITICAL - 2022-06-11 00:51:19 --> Undefined variable $datos
#0 C:\xampp\htdocs\ci\app\Views\cervezas\listar.php(20): CodeIgniter\Debug\Exceptions->errorHandler(2, 'Undefined varia...', 'C:\\xampp\\htdocs...', 20)
#1 C:\xampp\htdocs\ci\system\View\View.php(210): include('C:\\xampp\\htdocs...')
#2 C:\xampp\htdocs\ci\system\View\View.php(213): CodeIgniter\View\View->CodeIgniter\View\{closure}()
#3 C:\xampp\htdocs\ci\system\Common.php(1089): CodeIgniter\View\View->render('cervezas/listar', Array, true)
#4 C:\xampp\htdocs\ci\app\Controllers\Beer.php(17): view('cervezas/listar', Array)
#5 C:\xampp\htdocs\ci\system\CodeIgniter.php(832): App\Controllers\Beer->index()
#6 C:\xampp\htdocs\ci\system\CodeIgniter.php(419): CodeIgniter\CodeIgniter->runController(Object(App\Controllers\Beer))
#7 C:\xampp\htdocs\ci\system\CodeIgniter.php(326): CodeIgniter\CodeIgniter->handleRequest(NULL, Object(Config\Cache), false)
#8 C:\xampp\htdocs\ci\public\index.php(37): CodeIgniter\CodeIgniter->run()
#9 {main}
CRITICAL - 2022-06-11 00:53:52 --> Undefined variable $id
#0 C:\xampp\htdocs\ci\app\Views\cervezas\listar.php(22): CodeIgniter\Debug\Exceptions->errorHandler(2, 'Undefined varia...', 'C:\\xampp\\htdocs...', 22)
#1 C:\xampp\htdocs\ci\system\View\View.php(210): include('C:\\xampp\\htdocs...')
#2 C:\xampp\htdocs\ci\system\View\View.php(213): CodeIgniter\View\View->CodeIgniter\View\{closure}()
#3 C:\xampp\htdocs\ci\system\Common.php(1089): CodeIgniter\View\View->render('cervezas/listar', Array, true)
#4 C:\xampp\htdocs\ci\app\Controllers\Beer.php(18): view('cervezas/listar', Array)
#5 C:\xampp\htdocs\ci\system\CodeIgniter.php(832): App\Controllers\Beer->index()
#6 C:\xampp\htdocs\ci\system\CodeIgniter.php(419): CodeIgniter\CodeIgniter->runController(Object(App\Controllers\Beer))
#7 C:\xampp\htdocs\ci\system\CodeIgniter.php(326): CodeIgniter\CodeIgniter->handleRequest(NULL, Object(Config\Cache), false)
#8 C:\xampp\htdocs\ci\public\index.php(37): CodeIgniter\CodeIgniter->run()
#9 {main}
CRITICAL - 2022-06-11 00:54:39 --> view(): Argument #2 ($data) must be of type array, string given, called in C:\xampp\htdocs\ci\app\Controllers\Beer.php on line 18
#0 C:\xampp\htdocs\ci\app\Controllers\Beer.php(18): view('cervezas/listar', '<!DOCTYPE html>...')
#1 C:\xampp\htdocs\ci\system\CodeIgniter.php(832): App\Controllers\Beer->index()
#2 C:\xampp\htdocs\ci\system\CodeIgniter.php(419): CodeIgniter\CodeIgniter->runController(Object(App\Controllers\Beer))
#3 C:\xampp\htdocs\ci\system\CodeIgniter.php(326): CodeIgniter\CodeIgniter->handleRequest(NULL, Object(Config\Cache), false)
#4 C:\xampp\htdocs\ci\public\index.php(37): CodeIgniter\CodeIgniter->run()
#5 {main}
CRITICAL - 2022-06-11 00:54:58 --> Undefined variable $datos
#0 C:\xampp\htdocs\ci\app\Views\cervezas\listar.php(20): CodeIgniter\Debug\Exceptions->errorHandler(2, 'Undefined varia...', 'C:\\xampp\\htdocs...', 20)
#1 C:\xampp\htdocs\ci\system\View\View.php(210): include('C:\\xampp\\htdocs...')
#2 C:\xampp\htdocs\ci\system\View\View.php(213): CodeIgniter\View\View->CodeIgniter\View\{closure}()
#3 C:\xampp\htdocs\ci\system\Common.php(1089): CodeIgniter\View\View->render('cervezas/listar', Array, true)
#4 C:\xampp\htdocs\ci\app\Controllers\Beer.php(18): view('cervezas/listar', Array)
#5 C:\xampp\htdocs\ci\system\CodeIgniter.php(832): App\Controllers\Beer->index()
#6 C:\xampp\htdocs\ci\system\CodeIgniter.php(419): CodeIgniter\CodeIgniter->runController(Object(App\Controllers\Beer))
#7 C:\xampp\htdocs\ci\system\CodeIgniter.php(326): CodeIgniter\CodeIgniter->handleRequest(NULL, Object(Config\Cache), false)
#8 C:\xampp\htdocs\ci\public\index.php(37): CodeIgniter\CodeIgniter->run()
#9 {main}
CRITICAL - 2022-06-11 00:56:58 --> Undefined variable $datos
#0 C:\xampp\htdocs\ci\app\Controllers\Beer.php(11): CodeIgniter\Debug\Exceptions->errorHandler(2, 'Undefined varia...', 'C:\\xampp\\htdocs...', 11)
#1 C:\xampp\htdocs\ci\system\CodeIgniter.php(832): App\Controllers\Beer->index()
#2 C:\xampp\htdocs\ci\system\CodeIgniter.php(419): CodeIgniter\CodeIgniter->runController(Object(App\Controllers\Beer))
#3 C:\xampp\htdocs\ci\system\CodeIgniter.php(326): CodeIgniter\CodeIgniter->handleRequest(NULL, Object(Config\Cache), false)
#4 C:\xampp\htdocs\ci\public\index.php(37): CodeIgniter\CodeIgniter->run()
#5 {main}
CRITICAL - 2022-06-11 00:58:21 --> Cannot use [] for reading
#0 C:\xampp\htdocs\ci\system\CodeIgniter.php(832): App\Controllers\Beer->index()
#1 C:\xampp\htdocs\ci\system\CodeIgniter.php(419): CodeIgniter\CodeIgniter->runController(Object(App\Controllers\Beer))
#2 C:\xampp\htdocs\ci\system\CodeIgniter.php(326): CodeIgniter\CodeIgniter->handleRequest(NULL, Object(Config\Cache), false)
#3 C:\xampp\htdocs\ci\public\index.php(37): CodeIgniter\CodeIgniter->run()
#4 {main}
CRITICAL - 2022-06-11 00:58:37 --> Array callback must have exactly two elements
#0 C:\xampp\htdocs\ci\system\CodeIgniter.php(832): App\Controllers\Beer->index()
#1 C:\xampp\htdocs\ci\system\CodeIgniter.php(419): CodeIgniter\CodeIgniter->runController(Object(App\Controllers\Beer))
#2 C:\xampp\htdocs\ci\system\CodeIgniter.php(326): CodeIgniter\CodeIgniter->handleRequest(NULL, Object(Config\Cache), false)
#3 C:\xampp\htdocs\ci\public\index.php(37): CodeIgniter\CodeIgniter->run()
#4 {main}
CRITICAL - 2022-06-11 00:58:54 --> Undefined variable $datos
#0 C:\xampp\htdocs\ci\app\Views\cervezas\listar.php(20): CodeIgniter\Debug\Exceptions->errorHandler(2, 'Undefined varia...', 'C:\\xampp\\htdocs...', 20)
#1 C:\xampp\htdocs\ci\system\View\View.php(210): include('C:\\xampp\\htdocs...')
#2 C:\xampp\htdocs\ci\system\View\View.php(213): CodeIgniter\View\View->CodeIgniter\View\{closure}()
#3 C:\xampp\htdocs\ci\system\Common.php(1089): CodeIgniter\View\View->render('cervezas/listar', Array, true)
#4 C:\xampp\htdocs\ci\app\Controllers\Beer.php(18): view('cervezas/listar', Array)
#5 C:\xampp\htdocs\ci\system\CodeIgniter.php(832): App\Controllers\Beer->index()
#6 C:\xampp\htdocs\ci\system\CodeIgniter.php(419): CodeIgniter\CodeIgniter->runController(Object(App\Controllers\Beer))
#7 C:\xampp\htdocs\ci\system\CodeIgniter.php(326): CodeIgniter\CodeIgniter->handleRequest(NULL, Object(Config\Cache), false)
#8 C:\xampp\htdocs\ci\public\index.php(37): CodeIgniter\CodeIgniter->run()
#9 {main}
CRITICAL - 2022-06-11 00:59:19 --> Undefined variable $datos
#0 C:\xampp\htdocs\ci\app\Views\cervezas\listar.php(20): CodeIgniter\Debug\Exceptions->errorHandler(2, 'Undefined varia...', 'C:\\xampp\\htdocs...', 20)
#1 C:\xampp\htdocs\ci\system\View\View.php(210): include('C:\\xampp\\htdocs...')
#2 C:\xampp\htdocs\ci\system\View\View.php(213): CodeIgniter\View\View->CodeIgniter\View\{closure}()
#3 C:\xampp\htdocs\ci\system\Common.php(1089): CodeIgniter\View\View->render('cervezas/listar', Array, true)
#4 C:\xampp\htdocs\ci\app\Controllers\Beer.php(21): view('cervezas/listar', Array)
#5 C:\xampp\htdocs\ci\system\CodeIgniter.php(832): App\Controllers\Beer->index()
#6 C:\xampp\htdocs\ci\system\CodeIgniter.php(419): CodeIgniter\CodeIgniter->runController(Object(App\Controllers\Beer))
#7 C:\xampp\htdocs\ci\system\CodeIgniter.php(326): CodeIgniter\CodeIgniter->handleRequest(NULL, Object(Config\Cache), false)
#8 C:\xampp\htdocs\ci\public\index.php(37): CodeIgniter\CodeIgniter->run()
#9 {main}
CRITICAL - 2022-06-11 01:01:02 --> Undefined variable $datos
#0 C:\xampp\htdocs\ci\app\Views\cervezas\listar.php(20): CodeIgniter\Debug\Exceptions->errorHandler(2, 'Undefined varia...', 'C:\\xampp\\htdocs...', 20)
#1 C:\xampp\htdocs\ci\system\View\View.php(210): include('C:\\xampp\\htdocs...')
#2 C:\xampp\htdocs\ci\system\View\View.php(213): CodeIgniter\View\View->CodeIgniter\View\{closure}()
#3 C:\xampp\htdocs\ci\system\Common.php(1089): CodeIgniter\View\View->render('cervezas/listar', Array, true)
#4 C:\xampp\htdocs\ci\app\Controllers\Beer.php(19): view('cervezas/listar', Array)
#5 C:\xampp\htdocs\ci\system\CodeIgniter.php(832): App\Controllers\Beer->index()
#6 C:\xampp\htdocs\ci\system\CodeIgniter.php(419): CodeIgniter\CodeIgniter->runController(Object(App\Controllers\Beer))
#7 C:\xampp\htdocs\ci\system\CodeIgniter.php(326): CodeIgniter\CodeIgniter->handleRequest(NULL, Object(Config\Cache), false)
#8 C:\xampp\htdocs\ci\public\index.php(37): CodeIgniter\CodeIgniter->run()
#9 {main}
CRITICAL - 2022-06-11 01:01:46 --> Undefined array key "header"
#0 C:\xampp\htdocs\ci\app\Controllers\Beer.php(14): CodeIgniter\Debug\Exceptions->errorHandler(2, 'Undefined array...', 'C:\\xampp\\htdocs...', 14)
#1 C:\xampp\htdocs\ci\system\CodeIgniter.php(832): App\Controllers\Beer->index()
#2 C:\xampp\htdocs\ci\system\CodeIgniter.php(419): CodeIgniter\CodeIgniter->runController(Object(App\Controllers\Beer))
#3 C:\xampp\htdocs\ci\system\CodeIgniter.php(326): CodeIgniter\CodeIgniter->handleRequest(NULL, Object(Config\Cache), false)
#4 C:\xampp\htdocs\ci\public\index.php(37): CodeIgniter\CodeIgniter->run()
#5 {main}
CRITICAL - 2022-06-11 01:03:07 --> Undefined variable $datos
#0 C:\xampp\htdocs\ci\app\Views\cervezas\listar.php(20): CodeIgniter\Debug\Exceptions->errorHandler(2, 'Undefined varia...', 'C:\\xampp\\htdocs...', 20)
#1 C:\xampp\htdocs\ci\system\View\View.php(210): include('C:\\xampp\\htdocs...')
#2 C:\xampp\htdocs\ci\system\View\View.php(213): CodeIgniter\View\View->CodeIgniter\View\{closure}()
#3 C:\xampp\htdocs\ci\system\Common.php(1089): CodeIgniter\View\View->render('cervezas/listar', Array, true)
#4 C:\xampp\htdocs\ci\app\Controllers\Beer.php(19): view('cervezas/listar', Array)
#5 C:\xampp\htdocs\ci\system\CodeIgniter.php(832): App\Controllers\Beer->index()
#6 C:\xampp\htdocs\ci\system\CodeIgniter.php(419): CodeIgniter\CodeIgniter->runController(Object(App\Controllers\Beer))
#7 C:\xampp\htdocs\ci\system\CodeIgniter.php(326): CodeIgniter\CodeIgniter->handleRequest(NULL, Object(Config\Cache), false)
#8 C:\xampp\htdocs\ci\public\index.php(37): CodeIgniter\CodeIgniter->run()
#9 {main}
CRITICAL - 2022-06-11 01:07:53 --> Undefined variable $datos
#0 C:\xampp\htdocs\ci\app\Views\cervezas\listar.php(20): CodeIgniter\Debug\Exceptions->errorHandler(2, 'Undefined varia...', 'C:\\xampp\\htdocs...', 20)
#1 C:\xampp\htdocs\ci\system\View\View.php(210): include('C:\\xampp\\htdocs...')
#2 C:\xampp\htdocs\ci\system\View\View.php(213): CodeIgniter\View\View->CodeIgniter\View\{closure}()
#3 C:\xampp\htdocs\ci\system\Common.php(1089): CodeIgniter\View\View->render('cervezas/listar', Array, true)
#4 C:\xampp\htdocs\ci\app\Controllers\Beer.php(21): view('cervezas/listar', Array)
#5 C:\xampp\htdocs\ci\system\CodeIgniter.php(832): App\Controllers\Beer->index()
#6 C:\xampp\htdocs\ci\system\CodeIgniter.php(419): CodeIgniter\CodeIgniter->runController(Object(App\Controllers\Beer))
#7 C:\xampp\htdocs\ci\system\CodeIgniter.php(326): CodeIgniter\CodeIgniter->handleRequest(NULL, Object(Config\Cache), false)
#8 C:\xampp\htdocs\ci\public\index.php(37): CodeIgniter\CodeIgniter->run()
#9 {main}
CRITICAL - 2022-06-11 01:08:57 --> Undefined variable $id
#0 C:\xampp\htdocs\ci\app\Views\cervezas\listar.php(22): CodeIgniter\Debug\Exceptions->errorHandler(2, 'Undefined varia...', 'C:\\xampp\\htdocs...', 22)
#1 C:\xampp\htdocs\ci\system\View\View.php(210): include('C:\\xampp\\htdocs...')
#2 C:\xampp\htdocs\ci\system\View\View.php(213): CodeIgniter\View\View->CodeIgniter\View\{closure}()
#3 C:\xampp\htdocs\ci\system\Common.php(1089): CodeIgniter\View\View->render('cervezas/listar', Array, true)
#4 C:\xampp\htdocs\ci\app\Controllers\Beer.php(20): view('cervezas/listar', Array)
#5 C:\xampp\htdocs\ci\system\CodeIgniter.php(832): App\Controllers\Beer->index()
#6 C:\xampp\htdocs\ci\system\CodeIgniter.php(419): CodeIgniter\CodeIgniter->runController(Object(App\Controllers\Beer))
#7 C:\xampp\htdocs\ci\system\CodeIgniter.php(326): CodeIgniter\CodeIgniter->handleRequest(NULL, Object(Config\Cache), false)
#8 C:\xampp\htdocs\ci\public\index.php(37): CodeIgniter\CodeIgniter->run()
#9 {main}
CRITICAL - 2022-06-11 01:12:14 --> Undefined variable $beer
#0 C:\xampp\htdocs\ci\app\Views\cervezas\listar.php(20): CodeIgniter\Debug\Exceptions->errorHandler(2, 'Undefined varia...', 'C:\\xampp\\htdocs...', 20)
#1 C:\xampp\htdocs\ci\system\View\View.php(210): include('C:\\xampp\\htdocs...')
#2 C:\xampp\htdocs\ci\system\View\View.php(213): CodeIgniter\View\View->CodeIgniter\View\{closure}()
#3 C:\xampp\htdocs\ci\system\Common.php(1089): CodeIgniter\View\View->render('cervezas/listar', Array, true)
#4 C:\xampp\htdocs\ci\app\Controllers\Beer.php(82): view('cervezas/listar', Array)
#5 C:\xampp\htdocs\ci\system\CodeIgniter.php(832): App\Controllers\Beer->actualizar()
#6 C:\xampp\htdocs\ci\system\CodeIgniter.php(419): CodeIgniter\CodeIgniter->runController(Object(App\Controllers\Beer))
#7 C:\xampp\htdocs\ci\system\CodeIgniter.php(326): CodeIgniter\CodeIgniter->handleRequest(NULL, Object(Config\Cache), false)
#8 C:\xampp\htdocs\ci\public\index.php(37): CodeIgniter\CodeIgniter->run()
#9 {main}
CRITICAL - 2022-06-11 10:38:39 --> Undefined variable $beer
#0 C:\xampp\htdocs\ci\app\Views\cervezas\listar.php(20): CodeIgniter\Debug\Exceptions->errorHandler(2, 'Undefined varia...', 'C:\\xampp\\htdocs...', 20)
#1 C:\xampp\htdocs\ci\system\View\View.php(210): include('C:\\xampp\\htdocs...')
#2 C:\xampp\htdocs\ci\system\View\View.php(213): CodeIgniter\View\View->CodeIgniter\View\{closure}()
#3 C:\xampp\htdocs\ci\system\Common.php(1089): CodeIgniter\View\View->render('cervezas/listar', Array, true)
#4 C:\xampp\htdocs\ci\app\Controllers\Beer.php(85): view('cervezas/listar', Array)
#5 C:\xampp\htdocs\ci\system\CodeIgniter.php(832): App\Controllers\Beer->actualizar()
#6 C:\xampp\htdocs\ci\system\CodeIgniter.php(419): CodeIgniter\CodeIgniter->runController(Object(App\Controllers\Beer))
#7 C:\xampp\htdocs\ci\system\CodeIgniter.php(326): CodeIgniter\CodeIgniter->handleRequest(NULL, Object(Config\Cache), false)
#8 C:\xampp\htdocs\ci\public\index.php(37): CodeIgniter\CodeIgniter->run()
#9 {main}
CRITICAL - 2022-06-11 11:19:12 --> Undefined variable $beer
#0 C:\xampp\htdocs\ci\app\Views\cervezas\listar.php(20): CodeIgniter\Debug\Exceptions->errorHandler(2, 'Undefined varia...', 'C:\\xampp\\htdocs...', 20)
#1 C:\xampp\htdocs\ci\system\View\View.php(210): include('C:\\xampp\\htdocs...')
#2 C:\xampp\htdocs\ci\system\View\View.php(213): CodeIgniter\View\View->CodeIgniter\View\{closure}()
#3 C:\xampp\htdocs\ci\system\Common.php(1089): CodeIgniter\View\View->render('cervezas/listar', Array, true)
#4 C:\xampp\htdocs\ci\app\Controllers\Beer.php(85): view('cervezas/listar', Array)
#5 C:\xampp\htdocs\ci\system\CodeIgniter.php(832): App\Controllers\Beer->actualizar()
#6 C:\xampp\htdocs\ci\system\CodeIgniter.php(419): CodeIgniter\CodeIgniter->runController(Object(App\Controllers\Beer))
#7 C:\xampp\htdocs\ci\system\CodeIgniter.php(326): CodeIgniter\CodeIgniter->handleRequest(NULL, Object(Config\Cache), false)
#8 C:\xampp\htdocs\ci\public\index.php(37): CodeIgniter\CodeIgniter->run()
#9 {main}
