CRITICAL - 2022-06-03 21:37:08 --> Undefined property: App\Controllers\Beer::$input
#0 C:\xampp\htdocs\ci\app\Controllers\Beer.php(36): CodeIgniter\Debug\Exceptions->errorHandler(2, 'Undefined prope...', 'C:\\xampp\\htdocs...', 36)
#1 C:\xampp\htdocs\ci\system\CodeIgniter.php(832): App\Controllers\Beer->guardar()
#2 C:\xampp\htdocs\ci\system\CodeIgniter.php(419): CodeIgniter\CodeIgniter->runController(Object(App\Controllers\Beer))
#3 C:\xampp\htdocs\ci\system\CodeIgniter.php(326): CodeIgniter\CodeIgniter->handleRequest(NULL, Object(Config\Cache), false)
#4 C:\xampp\htdocs\ci\public\index.php(37): CodeIgniter\CodeIgniter->run()
#5 {main}
CRITICAL - 2022-06-03 21:56:34 --> Array to string conversion
#0 C:\xampp\htdocs\ci\app\Controllers\Beer.php(40): CodeIgniter\Debug\Exceptions->errorHandler(2, 'Array to string...', 'C:\\xampp\\htdocs...', 40)
#1 C:\xampp\htdocs\ci\system\CodeIgniter.php(832): App\Controllers\Beer->guardar()
#2 C:\xampp\htdocs\ci\system\CodeIgniter.php(419): CodeIgniter\CodeIgniter->runController(Object(App\Controllers\Beer))
#3 C:\xampp\htdocs\ci\system\CodeIgniter.php(326): CodeIgniter\CodeIgniter->handleRequest(NULL, Object(Config\Cache), false)
#4 C:\xampp\htdocs\ci\public\index.php(37): CodeIgniter\CodeIgniter->run()
#5 {main}
CRITICAL - 2022-06-03 22:00:56 --> Array to string conversion
#0 C:\xampp\htdocs\ci\app\Controllers\Beer.php(40): CodeIgniter\Debug\Exceptions->errorHandler(2, 'Array to string...', 'C:\\xampp\\htdocs...', 40)
#1 C:\xampp\htdocs\ci\system\CodeIgniter.php(832): App\Controllers\Beer->guardar()
#2 C:\xampp\htdocs\ci\system\CodeIgniter.php(419): CodeIgniter\CodeIgniter->runController(Object(App\Controllers\Beer))
#3 C:\xampp\htdocs\ci\system\CodeIgniter.php(326): CodeIgniter\CodeIgniter->handleRequest(NULL, Object(Config\Cache), false)
#4 C:\xampp\htdocs\ci\public\index.php(37): CodeIgniter\CodeIgniter->run()
#5 {main}
CRITICAL - 2022-06-03 22:42:14 --> syntax error, unexpected token ":"
#0 C:\xampp\htdocs\ci\system\Autoloader\Autoloader.php(241): CodeIgniter\Autoloader\Autoloader->includeFile('C:\\xampp\\htdocs...')
#1 C:\xampp\htdocs\ci\system\Autoloader\Autoloader.php(219): CodeIgniter\Autoloader\Autoloader->loadInNamespace('App\\Controllers...')
#2 [internal function]: CodeIgniter\Autoloader\Autoloader->loadClass('App\\Controllers...')
#3 C:\xampp\htdocs\ci\system\CodeIgniter.php(797): class_exists('\\App\\Controller...', true)
#4 C:\xampp\htdocs\ci\system\CodeIgniter.php(406): CodeIgniter\CodeIgniter->startController()
#5 C:\xampp\htdocs\ci\system\CodeIgniter.php(326): CodeIgniter\CodeIgniter->handleRequest(NULL, Object(Config\Cache), false)
#6 C:\xampp\htdocs\ci\public\index.php(37): CodeIgniter\CodeIgniter->run()
#7 {main}
CRITICAL - 2022-06-03 22:45:19 --> Undefined variable $datos
#0 C:\xampp\htdocs\ci\app\Views\cervezas\editar.php(2): CodeIgniter\Debug\Exceptions->errorHandler(2, 'Undefined varia...', 'C:\\xampp\\htdocs...', 2)
#1 C:\xampp\htdocs\ci\system\View\View.php(210): include('C:\\xampp\\htdocs...')
#2 C:\xampp\htdocs\ci\system\View\View.php(213): CodeIgniter\View\View->CodeIgniter\View\{closure}()
#3 C:\xampp\htdocs\ci\system\Common.php(1089): CodeIgniter\View\View->render('cervezas/editar', Array, true)
#4 C:\xampp\htdocs\ci\app\Controllers\Beer.php(63): view('cervezas/editar', Array)
#5 C:\xampp\htdocs\ci\system\CodeIgniter.php(832): App\Controllers\Beer->editar('1')
#6 C:\xampp\htdocs\ci\system\CodeIgniter.php(419): CodeIgniter\CodeIgniter->runController(Object(App\Controllers\Beer))
#7 C:\xampp\htdocs\ci\system\CodeIgniter.php(326): CodeIgniter\CodeIgniter->handleRequest(NULL, Object(Config\Cache), false)
#8 C:\xampp\htdocs\ci\public\index.php(37): CodeIgniter\CodeIgniter->run()
#9 {main}
CRITICAL - 2022-06-03 22:45:48 --> Undefined variable $datos
#0 C:\xampp\htdocs\ci\app\Views\cervezas\editar.php(2): CodeIgniter\Debug\Exceptions->errorHandler(2, 'Undefined varia...', 'C:\\xampp\\htdocs...', 2)
#1 C:\xampp\htdocs\ci\system\View\View.php(210): include('C:\\xampp\\htdocs...')
#2 C:\xampp\htdocs\ci\system\View\View.php(213): CodeIgniter\View\View->CodeIgniter\View\{closure}()
#3 C:\xampp\htdocs\ci\system\Common.php(1089): CodeIgniter\View\View->render('cervezas/editar', Array, true)
#4 C:\xampp\htdocs\ci\app\Controllers\Beer.php(63): view('cervezas/editar', Array)
#5 C:\xampp\htdocs\ci\system\CodeIgniter.php(832): App\Controllers\Beer->editar('1')
#6 C:\xampp\htdocs\ci\system\CodeIgniter.php(419): CodeIgniter\CodeIgniter->runController(Object(App\Controllers\Beer))
#7 C:\xampp\htdocs\ci\system\CodeIgniter.php(326): CodeIgniter\CodeIgniter->handleRequest(NULL, Object(Config\Cache), false)
#8 C:\xampp\htdocs\ci\public\index.php(37): CodeIgniter\CodeIgniter->run()
#9 {main}
CRITICAL - 2022-06-03 22:46:22 --> Undefined variable $datos
#0 C:\xampp\htdocs\ci\app\Views\cervezas\editar.php(2): CodeIgniter\Debug\Exceptions->errorHandler(2, 'Undefined varia...', 'C:\\xampp\\htdocs...', 2)
#1 C:\xampp\htdocs\ci\system\View\View.php(210): include('C:\\xampp\\htdocs...')
#2 C:\xampp\htdocs\ci\system\View\View.php(213): CodeIgniter\View\View->CodeIgniter\View\{closure}()
#3 C:\xampp\htdocs\ci\system\Common.php(1089): CodeIgniter\View\View->render('cervezas/editar', Array, true)
#4 C:\xampp\htdocs\ci\app\Controllers\Beer.php(63): view('cervezas/editar', Array)
#5 C:\xampp\htdocs\ci\system\CodeIgniter.php(832): App\Controllers\Beer->editar('1')
#6 C:\xampp\htdocs\ci\system\CodeIgniter.php(419): CodeIgniter\CodeIgniter->runController(Object(App\Controllers\Beer))
#7 C:\xampp\htdocs\ci\system\CodeIgniter.php(326): CodeIgniter\CodeIgniter->handleRequest(NULL, Object(Config\Cache), false)
#8 C:\xampp\htdocs\ci\public\index.php(37): CodeIgniter\CodeIgniter->run()
#9 {main}
CRITICAL - 2022-06-03 22:46:40 --> Undefined variable $datos
#0 C:\xampp\htdocs\ci\app\Views\cervezas\editar.php(2): CodeIgniter\Debug\Exceptions->errorHandler(2, 'Undefined varia...', 'C:\\xampp\\htdocs...', 2)
#1 C:\xampp\htdocs\ci\system\View\View.php(210): include('C:\\xampp\\htdocs...')
#2 C:\xampp\htdocs\ci\system\View\View.php(213): CodeIgniter\View\View->CodeIgniter\View\{closure}()
#3 C:\xampp\htdocs\ci\system\Common.php(1089): CodeIgniter\View\View->render('cervezas/editar', Array, true)
#4 C:\xampp\htdocs\ci\app\Controllers\Beer.php(63): view('cervezas/editar', Array)
#5 C:\xampp\htdocs\ci\system\CodeIgniter.php(832): App\Controllers\Beer->editar('1')
#6 C:\xampp\htdocs\ci\system\CodeIgniter.php(419): CodeIgniter\CodeIgniter->runController(Object(App\Controllers\Beer))
#7 C:\xampp\htdocs\ci\system\CodeIgniter.php(326): CodeIgniter\CodeIgniter->handleRequest(NULL, Object(Config\Cache), false)
#8 C:\xampp\htdocs\ci\public\index.php(37): CodeIgniter\CodeIgniter->run()
#9 {main}
CRITICAL - 2022-06-03 22:48:18 --> Undefined variable $datos
#0 C:\xampp\htdocs\ci\app\Views\cervezas\editar.php(2): CodeIgniter\Debug\Exceptions->errorHandler(2, 'Undefined varia...', 'C:\\xampp\\htdocs...', 2)
#1 C:\xampp\htdocs\ci\system\View\View.php(210): include('C:\\xampp\\htdocs...')
#2 C:\xampp\htdocs\ci\system\View\View.php(213): CodeIgniter\View\View->CodeIgniter\View\{closure}()
#3 C:\xampp\htdocs\ci\system\Common.php(1089): CodeIgniter\View\View->render('cervezas/editar', Array, true)
#4 C:\xampp\htdocs\ci\app\Controllers\Beer.php(63): view('cervezas/editar', Array)
#5 C:\xampp\htdocs\ci\system\CodeIgniter.php(832): App\Controllers\Beer->editar('1')
#6 C:\xampp\htdocs\ci\system\CodeIgniter.php(419): CodeIgniter\CodeIgniter->runController(Object(App\Controllers\Beer))
#7 C:\xampp\htdocs\ci\system\CodeIgniter.php(326): CodeIgniter\CodeIgniter->handleRequest(NULL, Object(Config\Cache), false)
#8 C:\xampp\htdocs\ci\public\index.php(37): CodeIgniter\CodeIgniter->run()
#9 {main}
CRITICAL - 2022-06-03 22:48:49 --> Undefined variable $datos
#0 C:\xampp\htdocs\ci\app\Views\cervezas\editar.php(2): CodeIgniter\Debug\Exceptions->errorHandler(2, 'Undefined varia...', 'C:\\xampp\\htdocs...', 2)
#1 C:\xampp\htdocs\ci\system\View\View.php(210): include('C:\\xampp\\htdocs...')
#2 C:\xampp\htdocs\ci\system\View\View.php(213): CodeIgniter\View\View->CodeIgniter\View\{closure}()
#3 C:\xampp\htdocs\ci\system\Common.php(1089): CodeIgniter\View\View->render('cervezas/editar', Array, true)
#4 C:\xampp\htdocs\ci\app\Controllers\Beer.php(63): view('cervezas/editar', Array)
#5 C:\xampp\htdocs\ci\system\CodeIgniter.php(832): App\Controllers\Beer->editar('9')
#6 C:\xampp\htdocs\ci\system\CodeIgniter.php(419): CodeIgniter\CodeIgniter->runController(Object(App\Controllers\Beer))
#7 C:\xampp\htdocs\ci\system\CodeIgniter.php(326): CodeIgniter\CodeIgniter->handleRequest(NULL, Object(Config\Cache), false)
#8 C:\xampp\htdocs\ci\public\index.php(37): CodeIgniter\CodeIgniter->run()
#9 {main}
CRITICAL - 2022-06-03 22:48:52 --> Undefined variable $datos
#0 C:\xampp\htdocs\ci\app\Views\cervezas\editar.php(2): CodeIgniter\Debug\Exceptions->errorHandler(2, 'Undefined varia...', 'C:\\xampp\\htdocs...', 2)
#1 C:\xampp\htdocs\ci\system\View\View.php(210): include('C:\\xampp\\htdocs...')
#2 C:\xampp\htdocs\ci\system\View\View.php(213): CodeIgniter\View\View->CodeIgniter\View\{closure}()
#3 C:\xampp\htdocs\ci\system\Common.php(1089): CodeIgniter\View\View->render('cervezas/editar', Array, true)
#4 C:\xampp\htdocs\ci\app\Controllers\Beer.php(63): view('cervezas/editar', Array)
#5 C:\xampp\htdocs\ci\system\CodeIgniter.php(832): App\Controllers\Beer->editar('9')
#6 C:\xampp\htdocs\ci\system\CodeIgniter.php(419): CodeIgniter\CodeIgniter->runController(Object(App\Controllers\Beer))
#7 C:\xampp\htdocs\ci\system\CodeIgniter.php(326): CodeIgniter\CodeIgniter->handleRequest(NULL, Object(Config\Cache), false)
#8 C:\xampp\htdocs\ci\public\index.php(37): CodeIgniter\CodeIgniter->run()
#9 {main}
CRITICAL - 2022-06-03 22:51:55 --> Undefined variable $datos
#0 C:\xampp\htdocs\ci\app\Views\cervezas\editar.php(2): CodeIgniter\Debug\Exceptions->errorHandler(2, 'Undefined varia...', 'C:\\xampp\\htdocs...', 2)
#1 C:\xampp\htdocs\ci\system\View\View.php(210): include('C:\\xampp\\htdocs...')
#2 C:\xampp\htdocs\ci\system\View\View.php(213): CodeIgniter\View\View->CodeIgniter\View\{closure}()
#3 C:\xampp\htdocs\ci\system\Common.php(1089): CodeIgniter\View\View->render('cervezas/editar', Array, true)
#4 C:\xampp\htdocs\ci\app\Controllers\Beer.php(63): view('cervezas/editar', Array)
#5 C:\xampp\htdocs\ci\system\CodeIgniter.php(832): App\Controllers\Beer->editar('9')
#6 C:\xampp\htdocs\ci\system\CodeIgniter.php(419): CodeIgniter\CodeIgniter->runController(Object(App\Controllers\Beer))
#7 C:\xampp\htdocs\ci\system\CodeIgniter.php(326): CodeIgniter\CodeIgniter->handleRequest(NULL, Object(Config\Cache), false)
#8 C:\xampp\htdocs\ci\public\index.php(37): CodeIgniter\CodeIgniter->run()
#9 {main}
CRITICAL - 2022-06-03 22:54:11 --> Undefined variable $datos
#0 C:\xampp\htdocs\ci\app\Views\cervezas\editar.php(2): CodeIgniter\Debug\Exceptions->errorHandler(2, 'Undefined varia...', 'C:\\xampp\\htdocs...', 2)
#1 C:\xampp\htdocs\ci\system\View\View.php(210): include('C:\\xampp\\htdocs...')
#2 C:\xampp\htdocs\ci\system\View\View.php(213): CodeIgniter\View\View->CodeIgniter\View\{closure}()
#3 C:\xampp\htdocs\ci\system\Common.php(1089): CodeIgniter\View\View->render('cervezas/editar', Array, true)
#4 C:\xampp\htdocs\ci\app\Controllers\Beer.php(63): view('cervezas/editar', Array)
#5 C:\xampp\htdocs\ci\system\CodeIgniter.php(832): App\Controllers\Beer->editar('9')
#6 C:\xampp\htdocs\ci\system\CodeIgniter.php(419): CodeIgniter\CodeIgniter->runController(Object(App\Controllers\Beer))
#7 C:\xampp\htdocs\ci\system\CodeIgniter.php(326): CodeIgniter\CodeIgniter->handleRequest(NULL, Object(Config\Cache), false)
#8 C:\xampp\htdocs\ci\public\index.php(37): CodeIgniter\CodeIgniter->run()
#9 {main}
CRITICAL - 2022-06-03 22:55:32 --> Undefined variable $datos
#0 C:\xampp\htdocs\ci\app\Views\cervezas\editar.php(3): CodeIgniter\Debug\Exceptions->errorHandler(2, 'Undefined varia...', 'C:\\xampp\\htdocs...', 3)
#1 C:\xampp\htdocs\ci\system\View\View.php(210): include('C:\\xampp\\htdocs...')
#2 C:\xampp\htdocs\ci\system\View\View.php(213): CodeIgniter\View\View->CodeIgniter\View\{closure}()
#3 C:\xampp\htdocs\ci\system\Common.php(1089): CodeIgniter\View\View->render('cervezas/editar', Array, true)
#4 C:\xampp\htdocs\ci\app\Controllers\Beer.php(63): view('cervezas/editar', Array)
#5 C:\xampp\htdocs\ci\system\CodeIgniter.php(832): App\Controllers\Beer->editar('9')
#6 C:\xampp\htdocs\ci\system\CodeIgniter.php(419): CodeIgniter\CodeIgniter->runController(Object(App\Controllers\Beer))
#7 C:\xampp\htdocs\ci\system\CodeIgniter.php(326): CodeIgniter\CodeIgniter->handleRequest(NULL, Object(Config\Cache), false)
#8 C:\xampp\htdocs\ci\public\index.php(37): CodeIgniter\CodeIgniter->run()
#9 {main}
CRITICAL - 2022-06-03 22:58:33 --> Undefined variable $datos
#0 C:\xampp\htdocs\ci\app\Views\cervezas\editar.php(3): CodeIgniter\Debug\Exceptions->errorHandler(2, 'Undefined varia...', 'C:\\xampp\\htdocs...', 3)
#1 C:\xampp\htdocs\ci\system\View\View.php(210): include('C:\\xampp\\htdocs...')
#2 C:\xampp\htdocs\ci\system\View\View.php(213): CodeIgniter\View\View->CodeIgniter\View\{closure}()
#3 C:\xampp\htdocs\ci\system\Common.php(1089): CodeIgniter\View\View->render('cervezas/editar', Array, true)
#4 C:\xampp\htdocs\ci\app\Controllers\Beer.php(63): view('cervezas/editar', Array)
#5 C:\xampp\htdocs\ci\system\CodeIgniter.php(832): App\Controllers\Beer->editar('9')
#6 C:\xampp\htdocs\ci\system\CodeIgniter.php(419): CodeIgniter\CodeIgniter->runController(Object(App\Controllers\Beer))
#7 C:\xampp\htdocs\ci\system\CodeIgniter.php(326): CodeIgniter\CodeIgniter->handleRequest(NULL, Object(Config\Cache), false)
#8 C:\xampp\htdocs\ci\public\index.php(37): CodeIgniter\CodeIgniter->run()
#9 {main}
CRITICAL - 2022-06-03 22:58:38 --> Undefined variable $datos
#0 C:\xampp\htdocs\ci\app\Views\cervezas\editar.php(3): CodeIgniter\Debug\Exceptions->errorHandler(2, 'Undefined varia...', 'C:\\xampp\\htdocs...', 3)
#1 C:\xampp\htdocs\ci\system\View\View.php(210): include('C:\\xampp\\htdocs...')
#2 C:\xampp\htdocs\ci\system\View\View.php(213): CodeIgniter\View\View->CodeIgniter\View\{closure}()
#3 C:\xampp\htdocs\ci\system\Common.php(1089): CodeIgniter\View\View->render('cervezas/editar', Array, true)
#4 C:\xampp\htdocs\ci\app\Controllers\Beer.php(63): view('cervezas/editar', Array)
#5 C:\xampp\htdocs\ci\system\CodeIgniter.php(832): App\Controllers\Beer->editar('9')
#6 C:\xampp\htdocs\ci\system\CodeIgniter.php(419): CodeIgniter\CodeIgniter->runController(Object(App\Controllers\Beer))
#7 C:\xampp\htdocs\ci\system\CodeIgniter.php(326): CodeIgniter\CodeIgniter->handleRequest(NULL, Object(Config\Cache), false)
#8 C:\xampp\htdocs\ci\public\index.php(37): CodeIgniter\CodeIgniter->run()
#9 {main}
CRITICAL - 2022-06-03 22:59:04 --> Undefined variable $datos
#0 C:\xampp\htdocs\ci\app\Views\cervezas\editar.php(3): CodeIgniter\Debug\Exceptions->errorHandler(2, 'Undefined varia...', 'C:\\xampp\\htdocs...', 3)
#1 C:\xampp\htdocs\ci\system\View\View.php(210): include('C:\\xampp\\htdocs...')
#2 C:\xampp\htdocs\ci\system\View\View.php(213): CodeIgniter\View\View->CodeIgniter\View\{closure}()
#3 C:\xampp\htdocs\ci\system\Common.php(1089): CodeIgniter\View\View->render('cervezas/editar', Array, true)
#4 C:\xampp\htdocs\ci\app\Controllers\Beer.php(63): view('cervezas/editar', Array)
#5 C:\xampp\htdocs\ci\system\CodeIgniter.php(832): App\Controllers\Beer->editar('9')
#6 C:\xampp\htdocs\ci\system\CodeIgniter.php(419): CodeIgniter\CodeIgniter->runController(Object(App\Controllers\Beer))
#7 C:\xampp\htdocs\ci\system\CodeIgniter.php(326): CodeIgniter\CodeIgniter->handleRequest(NULL, Object(Config\Cache), false)
#8 C:\xampp\htdocs\ci\public\index.php(37): CodeIgniter\CodeIgniter->run()
#9 {main}
CRITICAL - 2022-06-03 22:59:17 --> Undefined variable $datos
#0 C:\xampp\htdocs\ci\app\Views\cervezas\editar.php(3): CodeIgniter\Debug\Exceptions->errorHandler(2, 'Undefined varia...', 'C:\\xampp\\htdocs...', 3)
#1 C:\xampp\htdocs\ci\system\View\View.php(210): include('C:\\xampp\\htdocs...')
#2 C:\xampp\htdocs\ci\system\View\View.php(213): CodeIgniter\View\View->CodeIgniter\View\{closure}()
#3 C:\xampp\htdocs\ci\system\Common.php(1089): CodeIgniter\View\View->render('cervezas/editar', Array, true)
#4 C:\xampp\htdocs\ci\app\Controllers\Beer.php(63): view('cervezas/editar', Array)
#5 C:\xampp\htdocs\ci\system\CodeIgniter.php(832): App\Controllers\Beer->editar('9')
#6 C:\xampp\htdocs\ci\system\CodeIgniter.php(419): CodeIgniter\CodeIgniter->runController(Object(App\Controllers\Beer))
#7 C:\xampp\htdocs\ci\system\CodeIgniter.php(326): CodeIgniter\CodeIgniter->handleRequest(NULL, Object(Config\Cache), false)
#8 C:\xampp\htdocs\ci\public\index.php(37): CodeIgniter\CodeIgniter->run()
#9 {main}
CRITICAL - 2022-06-03 23:04:16 --> Undefined variable $datos
#0 C:\xampp\htdocs\ci\app\Views\cervezas\editar.php(3): CodeIgniter\Debug\Exceptions->errorHandler(2, 'Undefined varia...', 'C:\\xampp\\htdocs...', 3)
#1 C:\xampp\htdocs\ci\system\View\View.php(210): include('C:\\xampp\\htdocs...')
#2 C:\xampp\htdocs\ci\system\View\View.php(213): CodeIgniter\View\View->CodeIgniter\View\{closure}()
#3 C:\xampp\htdocs\ci\system\Common.php(1089): CodeIgniter\View\View->render('cervezas/editar', Array, true)
#4 C:\xampp\htdocs\ci\app\Controllers\Beer.php(65): view('cervezas/editar', Array)
#5 C:\xampp\htdocs\ci\system\CodeIgniter.php(832): App\Controllers\Beer->editar('9')
#6 C:\xampp\htdocs\ci\system\CodeIgniter.php(419): CodeIgniter\CodeIgniter->runController(Object(App\Controllers\Beer))
#7 C:\xampp\htdocs\ci\system\CodeIgniter.php(326): CodeIgniter\CodeIgniter->handleRequest(NULL, Object(Config\Cache), false)
#8 C:\xampp\htdocs\ci\public\index.php(37): CodeIgniter\CodeIgniter->run()
#9 {main}
CRITICAL - 2022-06-03 23:04:26 --> Undefined variable $header
#0 C:\xampp\htdocs\ci\app\Views\cervezas\crear.php(1): CodeIgniter\Debug\Exceptions->errorHandler(2, 'Undefined varia...', 'C:\\xampp\\htdocs...', 1)
#1 C:\xampp\htdocs\ci\system\View\View.php(210): include('C:\\xampp\\htdocs...')
#2 C:\xampp\htdocs\ci\system\View\View.php(213): CodeIgniter\View\View->CodeIgniter\View\{closure}()
#3 C:\xampp\htdocs\ci\system\Common.php(1089): CodeIgniter\View\View->render('cervezas/crear', Array, true)
#4 C:\xampp\htdocs\ci\app\Controllers\Home.php(9): view('cervezas/crear')
#5 C:\xampp\htdocs\ci\system\CodeIgniter.php(832): App\Controllers\Home->index()
#6 C:\xampp\htdocs\ci\system\CodeIgniter.php(419): CodeIgniter\CodeIgniter->runController(Object(App\Controllers\Home))
#7 C:\xampp\htdocs\ci\system\CodeIgniter.php(326): CodeIgniter\CodeIgniter->handleRequest(NULL, Object(Config\Cache), false)
#8 C:\xampp\htdocs\ci\public\index.php(37): CodeIgniter\CodeIgniter->run()
#9 {main}
CRITICAL - 2022-06-03 23:04:51 --> Undefined variable $datos
#0 C:\xampp\htdocs\ci\app\Views\cervezas\editar.php(3): CodeIgniter\Debug\Exceptions->errorHandler(2, 'Undefined varia...', 'C:\\xampp\\htdocs...', 3)
#1 C:\xampp\htdocs\ci\system\View\View.php(210): include('C:\\xampp\\htdocs...')
#2 C:\xampp\htdocs\ci\system\View\View.php(213): CodeIgniter\View\View->CodeIgniter\View\{closure}()
#3 C:\xampp\htdocs\ci\system\Common.php(1089): CodeIgniter\View\View->render('cervezas/editar', Array, true)
#4 C:\xampp\htdocs\ci\app\Controllers\Beer.php(65): view('cervezas/editar', Array)
#5 C:\xampp\htdocs\ci\system\CodeIgniter.php(832): App\Controllers\Beer->editar('9')
#6 C:\xampp\htdocs\ci\system\CodeIgniter.php(419): CodeIgniter\CodeIgniter->runController(Object(App\Controllers\Beer))
#7 C:\xampp\htdocs\ci\system\CodeIgniter.php(326): CodeIgniter\CodeIgniter->handleRequest(NULL, Object(Config\Cache), false)
#8 C:\xampp\htdocs\ci\public\index.php(37): CodeIgniter\CodeIgniter->run()
#9 {main}
CRITICAL - 2022-06-03 23:09:47 --> Undefined variable $datos
#0 C:\xampp\htdocs\ci\app\Views\cervezas\editar.php(3): CodeIgniter\Debug\Exceptions->errorHandler(2, 'Undefined varia...', 'C:\\xampp\\htdocs...', 3)
#1 C:\xampp\htdocs\ci\system\View\View.php(210): include('C:\\xampp\\htdocs...')
#2 C:\xampp\htdocs\ci\system\View\View.php(213): CodeIgniter\View\View->CodeIgniter\View\{closure}()
#3 C:\xampp\htdocs\ci\system\Common.php(1089): CodeIgniter\View\View->render('cervezas/editar', Array, true)
#4 C:\xampp\htdocs\ci\app\Controllers\Beer.php(65): view('cervezas/editar', Array)
#5 C:\xampp\htdocs\ci\system\CodeIgniter.php(832): App\Controllers\Beer->editar('10')
#6 C:\xampp\htdocs\ci\system\CodeIgniter.php(419): CodeIgniter\CodeIgniter->runController(Object(App\Controllers\Beer))
#7 C:\xampp\htdocs\ci\system\CodeIgniter.php(326): CodeIgniter\CodeIgniter->handleRequest(NULL, Object(Config\Cache), false)
#8 C:\xampp\htdocs\ci\public\index.php(37): CodeIgniter\CodeIgniter->run()
#9 {main}
CRITICAL - 2022-06-03 23:10:06 --> Undefined variable $data
#0 C:\xampp\htdocs\ci\app\Views\cervezas\editar.php(3): CodeIgniter\Debug\Exceptions->errorHandler(2, 'Undefined varia...', 'C:\\xampp\\htdocs...', 3)
#1 C:\xampp\htdocs\ci\system\View\View.php(210): include('C:\\xampp\\htdocs...')
#2 C:\xampp\htdocs\ci\system\View\View.php(213): CodeIgniter\View\View->CodeIgniter\View\{closure}()
#3 C:\xampp\htdocs\ci\system\Common.php(1089): CodeIgniter\View\View->render('cervezas/editar', Array, true)
#4 C:\xampp\htdocs\ci\app\Controllers\Beer.php(65): view('cervezas/editar', Array)
#5 C:\xampp\htdocs\ci\system\CodeIgniter.php(832): App\Controllers\Beer->editar('10')
#6 C:\xampp\htdocs\ci\system\CodeIgniter.php(419): CodeIgniter\CodeIgniter->runController(Object(App\Controllers\Beer))
#7 C:\xampp\htdocs\ci\system\CodeIgniter.php(326): CodeIgniter\CodeIgniter->handleRequest(NULL, Object(Config\Cache), false)
#8 C:\xampp\htdocs\ci\public\index.php(37): CodeIgniter\CodeIgniter->run()
#9 {main}
CRITICAL - 2022-06-03 23:10:13 --> Undefined variable $date
#0 C:\xampp\htdocs\ci\app\Views\cervezas\editar.php(3): CodeIgniter\Debug\Exceptions->errorHandler(2, 'Undefined varia...', 'C:\\xampp\\htdocs...', 3)
#1 C:\xampp\htdocs\ci\system\View\View.php(210): include('C:\\xampp\\htdocs...')
#2 C:\xampp\htdocs\ci\system\View\View.php(213): CodeIgniter\View\View->CodeIgniter\View\{closure}()
#3 C:\xampp\htdocs\ci\system\Common.php(1089): CodeIgniter\View\View->render('cervezas/editar', Array, true)
#4 C:\xampp\htdocs\ci\app\Controllers\Beer.php(65): view('cervezas/editar', Array)
#5 C:\xampp\htdocs\ci\system\CodeIgniter.php(832): App\Controllers\Beer->editar('10')
#6 C:\xampp\htdocs\ci\system\CodeIgniter.php(419): CodeIgniter\CodeIgniter->runController(Object(App\Controllers\Beer))
#7 C:\xampp\htdocs\ci\system\CodeIgniter.php(326): CodeIgniter\CodeIgniter->handleRequest(NULL, Object(Config\Cache), false)
#8 C:\xampp\htdocs\ci\public\index.php(37): CodeIgniter\CodeIgniter->run()
#9 {main}
CRITICAL - 2022-06-03 23:12:32 --> Undefined variable $datos
#0 C:\xampp\htdocs\ci\app\Views\cervezas\editar.php(14): CodeIgniter\Debug\Exceptions->errorHandler(2, 'Undefined varia...', 'C:\\xampp\\htdocs...', 14)
#1 C:\xampp\htdocs\ci\system\View\View.php(210): include('C:\\xampp\\htdocs...')
#2 C:\xampp\htdocs\ci\system\View\View.php(213): CodeIgniter\View\View->CodeIgniter\View\{closure}()
#3 C:\xampp\htdocs\ci\system\Common.php(1089): CodeIgniter\View\View->render('cervezas/editar', Array, true)
#4 C:\xampp\htdocs\ci\app\Controllers\Beer.php(65): view('cervezas/editar', Array)
#5 C:\xampp\htdocs\ci\system\CodeIgniter.php(832): App\Controllers\Beer->editar('10')
#6 C:\xampp\htdocs\ci\system\CodeIgniter.php(419): CodeIgniter\CodeIgniter->runController(Object(App\Controllers\Beer))
#7 C:\xampp\htdocs\ci\system\CodeIgniter.php(326): CodeIgniter\CodeIgniter->handleRequest(NULL, Object(Config\Cache), false)
#8 C:\xampp\htdocs\ci\public\index.php(37): CodeIgniter\CodeIgniter->run()
#9 {main}
