CRITICAL - 2022-05-31 05:24:40 --> The framework needs the following extension(s) installed and loaded: intl.
#0 C:\xampp\htdocs\ci\system\CodeIgniter.php(219): CodeIgniter\Exceptions\FrameworkException::forMissingExtension('intl')
#1 C:\xampp\htdocs\ci\system\CodeIgniter.php(177): CodeIgniter\CodeIgniter->resolvePlatformExtensions()
#2 C:\xampp\htdocs\ci\system\bootstrap.php(146): CodeIgniter\CodeIgniter->initialize()
#3 C:\xampp\htdocs\ci\public\index.php(28): require('C:\\xampp\\htdocs...')
#4 {main}
CRITICAL - 2022-05-31 22:00:37 --> Invalid file: cervezas/listars.php
#0 C:\xampp\htdocs\ci\system\View\View.php(198): CodeIgniter\Exceptions\FrameworkException::forInvalidFile('cervezas/listar...')
#1 C:\xampp\htdocs\ci\system\Common.php(1089): CodeIgniter\View\View->render('cervezas/listar...', Array, true)
#2 C:\xampp\htdocs\ci\app\Controllers\Beer.php(9): view('cervezas/listar...')
#3 C:\xampp\htdocs\ci\system\CodeIgniter.php(832): App\Controllers\Beer->index()
#4 C:\xampp\htdocs\ci\system\CodeIgniter.php(419): CodeIgniter\CodeIgniter->runController(Object(App\Controllers\Beer))
#5 C:\xampp\htdocs\ci\system\CodeIgniter.php(326): CodeIgniter\CodeIgniter->handleRequest(NULL, Object(Config\Cache), false)
#6 C:\xampp\htdocs\ci\public\index.php(37): CodeIgniter\CodeIgniter->run()
#7 {main}
CRITICAL - 2022-05-31 22:11:27 --> Call to undefined method App\Controllers\Beer::orderBy()
#0 C:\xampp\htdocs\ci\system\CodeIgniter.php(832): App\Controllers\Beer->index()
#1 C:\xampp\htdocs\ci\system\CodeIgniter.php(419): CodeIgniter\CodeIgniter->runController(Object(App\Controllers\Beer))
#2 C:\xampp\htdocs\ci\system\CodeIgniter.php(326): CodeIgniter\CodeIgniter->handleRequest(NULL, Object(Config\Cache), false)
#3 C:\xampp\htdocs\ci\public\index.php(37): CodeIgniter\CodeIgniter->run()
#4 {main}
CRITICAL - 2022-05-31 22:21:39 --> Undefined variable $dato
#0 C:\xampp\htdocs\ci\app\Views\cervezas\listar.php(27): CodeIgniter\Debug\Exceptions->errorHandler(2, 'Undefined varia...', 'C:\\xampp\\htdocs...', 27)
#1 C:\xampp\htdocs\ci\system\View\View.php(210): include('C:\\xampp\\htdocs...')
#2 C:\xampp\htdocs\ci\system\View\View.php(213): CodeIgniter\View\View->CodeIgniter\View\{closure}()
#3 C:\xampp\htdocs\ci\system\Common.php(1089): CodeIgniter\View\View->render('cervezas/listar', Array, true)
#4 C:\xampp\htdocs\ci\app\Controllers\Beer.php(13): view('cervezas/listar', Array)
#5 C:\xampp\htdocs\ci\system\CodeIgniter.php(832): App\Controllers\Beer->index()
#6 C:\xampp\htdocs\ci\system\CodeIgniter.php(419): CodeIgniter\CodeIgniter->runController(Object(App\Controllers\Beer))
#7 C:\xampp\htdocs\ci\system\CodeIgniter.php(326): CodeIgniter\CodeIgniter->handleRequest(NULL, Object(Config\Cache), false)
#8 C:\xampp\htdocs\ci\public\index.php(37): CodeIgniter\CodeIgniter->run()
#9 {main}
CRITICAL - 2022-05-31 22:22:53 --> Undefined variable $dato
#0 C:\xampp\htdocs\ci\app\Views\cervezas\listar.php(27): CodeIgniter\Debug\Exceptions->errorHandler(2, 'Undefined varia...', 'C:\\xampp\\htdocs...', 27)
#1 C:\xampp\htdocs\ci\system\View\View.php(210): include('C:\\xampp\\htdocs...')
#2 C:\xampp\htdocs\ci\system\View\View.php(213): CodeIgniter\View\View->CodeIgniter\View\{closure}()
#3 C:\xampp\htdocs\ci\system\Common.php(1089): CodeIgniter\View\View->render('cervezas/listar', Array, true)
#4 C:\xampp\htdocs\ci\app\Controllers\Beer.php(13): view('cervezas/listar', Array)
#5 C:\xampp\htdocs\ci\system\CodeIgniter.php(832): App\Controllers\Beer->index()
#6 C:\xampp\htdocs\ci\system\CodeIgniter.php(419): CodeIgniter\CodeIgniter->runController(Object(App\Controllers\Beer))
#7 C:\xampp\htdocs\ci\system\CodeIgniter.php(326): CodeIgniter\CodeIgniter->handleRequest(NULL, Object(Config\Cache), false)
#8 C:\xampp\htdocs\ci\public\index.php(37): CodeIgniter\CodeIgniter->run()
#9 {main}
CRITICAL - 2022-05-31 22:23:33 --> Undefined variable $datos
#0 C:\xampp\htdocs\ci\app\Views\cervezas\listar.php(25): CodeIgniter\Debug\Exceptions->errorHandler(2, 'Undefined varia...', 'C:\\xampp\\htdocs...', 25)
#1 C:\xampp\htdocs\ci\system\View\View.php(210): include('C:\\xampp\\htdocs...')
#2 C:\xampp\htdocs\ci\system\View\View.php(213): CodeIgniter\View\View->CodeIgniter\View\{closure}()
#3 C:\xampp\htdocs\ci\system\Common.php(1089): CodeIgniter\View\View->render('cervezas/listar', Array, true)
#4 C:\xampp\htdocs\ci\app\Controllers\Beer.php(13): view('cervezas/listar', Array)
#5 C:\xampp\htdocs\ci\system\CodeIgniter.php(832): App\Controllers\Beer->index()
#6 C:\xampp\htdocs\ci\system\CodeIgniter.php(419): CodeIgniter\CodeIgniter->runController(Object(App\Controllers\Beer))
#7 C:\xampp\htdocs\ci\system\CodeIgniter.php(326): CodeIgniter\CodeIgniter->handleRequest(NULL, Object(Config\Cache), false)
#8 C:\xampp\htdocs\ci\public\index.php(37): CodeIgniter\CodeIgniter->run()
#9 {main}
CRITICAL - 2022-05-31 22:25:19 --> view(): Argument #2 ($data) must be of type array, App\Models\Cerveza given, called in C:\xampp\htdocs\ci\app\Controllers\Beer.php on line 13
#0 C:\xampp\htdocs\ci\app\Controllers\Beer.php(13): view('cervezas/listar', Object(App\Models\Cerveza))
#1 C:\xampp\htdocs\ci\system\CodeIgniter.php(832): App\Controllers\Beer->index()
#2 C:\xampp\htdocs\ci\system\CodeIgniter.php(419): CodeIgniter\CodeIgniter->runController(Object(App\Controllers\Beer))
#3 C:\xampp\htdocs\ci\system\CodeIgniter.php(326): CodeIgniter\CodeIgniter->handleRequest(NULL, Object(Config\Cache), false)
#4 C:\xampp\htdocs\ci\public\index.php(37): CodeIgniter\CodeIgniter->run()
#5 {main}
CRITICAL - 2022-05-31 22:25:44 --> Undefined variable $datos
#0 C:\xampp\htdocs\ci\app\Views\cervezas\listar.php(25): CodeIgniter\Debug\Exceptions->errorHandler(2, 'Undefined varia...', 'C:\\xampp\\htdocs...', 25)
#1 C:\xampp\htdocs\ci\system\View\View.php(210): include('C:\\xampp\\htdocs...')
#2 C:\xampp\htdocs\ci\system\View\View.php(213): CodeIgniter\View\View->CodeIgniter\View\{closure}()
#3 C:\xampp\htdocs\ci\system\Common.php(1089): CodeIgniter\View\View->render('cervezas/listar', Array, true)
#4 C:\xampp\htdocs\ci\app\Controllers\Beer.php(13): view('cervezas/listar', Array)
#5 C:\xampp\htdocs\ci\system\CodeIgniter.php(832): App\Controllers\Beer->index()
#6 C:\xampp\htdocs\ci\system\CodeIgniter.php(419): CodeIgniter\CodeIgniter->runController(Object(App\Controllers\Beer))
#7 C:\xampp\htdocs\ci\system\CodeIgniter.php(326): CodeIgniter\CodeIgniter->handleRequest(NULL, Object(Config\Cache), false)
#8 C:\xampp\htdocs\ci\public\index.php(37): CodeIgniter\CodeIgniter->run()
#9 {main}
CRITICAL - 2022-05-31 22:27:05 --> Undefined variable $datos
#0 C:\xampp\htdocs\ci\app\Views\cervezas\listar.php(25): CodeIgniter\Debug\Exceptions->errorHandler(2, 'Undefined varia...', 'C:\\xampp\\htdocs...', 25)
#1 C:\xampp\htdocs\ci\system\View\View.php(210): include('C:\\xampp\\htdocs...')
#2 C:\xampp\htdocs\ci\system\View\View.php(213): CodeIgniter\View\View->CodeIgniter\View\{closure}()
#3 C:\xampp\htdocs\ci\system\Common.php(1089): CodeIgniter\View\View->render('cervezas/listar', Array, true)
#4 C:\xampp\htdocs\ci\app\Controllers\Beer.php(13): view('cervezas/listar', Array)
#5 C:\xampp\htdocs\ci\system\CodeIgniter.php(832): App\Controllers\Beer->index()
#6 C:\xampp\htdocs\ci\system\CodeIgniter.php(419): CodeIgniter\CodeIgniter->runController(Object(App\Controllers\Beer))
#7 C:\xampp\htdocs\ci\system\CodeIgniter.php(326): CodeIgniter\CodeIgniter->handleRequest(NULL, Object(Config\Cache), false)
#8 C:\xampp\htdocs\ci\public\index.php(37): CodeIgniter\CodeIgniter->run()
#9 {main}
CRITICAL - 2022-05-31 22:27:45 --> Undefined variable $datos
#0 C:\xampp\htdocs\ci\app\Views\cervezas\listar.php(25): CodeIgniter\Debug\Exceptions->errorHandler(2, 'Undefined varia...', 'C:\\xampp\\htdocs...', 25)
#1 C:\xampp\htdocs\ci\system\View\View.php(210): include('C:\\xampp\\htdocs...')
#2 C:\xampp\htdocs\ci\system\View\View.php(213): CodeIgniter\View\View->CodeIgniter\View\{closure}()
#3 C:\xampp\htdocs\ci\system\Common.php(1089): CodeIgniter\View\View->render('cervezas/listar', Array, true)
#4 C:\xampp\htdocs\ci\app\Controllers\Beer.php(13): view('cervezas/listar', Array)
#5 C:\xampp\htdocs\ci\system\CodeIgniter.php(832): App\Controllers\Beer->index()
#6 C:\xampp\htdocs\ci\system\CodeIgniter.php(419): CodeIgniter\CodeIgniter->runController(Object(App\Controllers\Beer))
#7 C:\xampp\htdocs\ci\system\CodeIgniter.php(326): CodeIgniter\CodeIgniter->handleRequest(NULL, Object(Config\Cache), false)
#8 C:\xampp\htdocs\ci\public\index.php(37): CodeIgniter\CodeIgniter->run()
#9 {main}
CRITICAL - 2022-05-31 22:29:09 --> Undefined variable $date
#0 C:\xampp\htdocs\ci\app\Views\cervezas\listar.php(26): CodeIgniter\Debug\Exceptions->errorHandler(2, 'Undefined varia...', 'C:\\xampp\\htdocs...', 26)
#1 C:\xampp\htdocs\ci\system\View\View.php(210): include('C:\\xampp\\htdocs...')
#2 C:\xampp\htdocs\ci\system\View\View.php(213): CodeIgniter\View\View->CodeIgniter\View\{closure}()
#3 C:\xampp\htdocs\ci\system\Common.php(1089): CodeIgniter\View\View->render('cervezas/listar', Array, true)
#4 C:\xampp\htdocs\ci\app\Controllers\Beer.php(13): view('cervezas/listar', Array)
#5 C:\xampp\htdocs\ci\system\CodeIgniter.php(832): App\Controllers\Beer->index()
#6 C:\xampp\htdocs\ci\system\CodeIgniter.php(419): CodeIgniter\CodeIgniter->runController(Object(App\Controllers\Beer))
#7 C:\xampp\htdocs\ci\system\CodeIgniter.php(326): CodeIgniter\CodeIgniter->handleRequest(NULL, Object(Config\Cache), false)
#8 C:\xampp\htdocs\ci\public\index.php(37): CodeIgniter\CodeIgniter->run()
#9 {main}
CRITICAL - 2022-05-31 22:29:43 --> Undefined variable $datos
#0 C:\xampp\htdocs\ci\app\Views\cervezas\listar.php(26): CodeIgniter\Debug\Exceptions->errorHandler(2, 'Undefined varia...', 'C:\\xampp\\htdocs...', 26)
#1 C:\xampp\htdocs\ci\system\View\View.php(210): include('C:\\xampp\\htdocs...')
#2 C:\xampp\htdocs\ci\system\View\View.php(213): CodeIgniter\View\View->CodeIgniter\View\{closure}()
#3 C:\xampp\htdocs\ci\system\Common.php(1089): CodeIgniter\View\View->render('cervezas/listar', Array, true)
#4 C:\xampp\htdocs\ci\app\Controllers\Beer.php(13): view('cervezas/listar', Array)
#5 C:\xampp\htdocs\ci\system\CodeIgniter.php(832): App\Controllers\Beer->index()
#6 C:\xampp\htdocs\ci\system\CodeIgniter.php(419): CodeIgniter\CodeIgniter->runController(Object(App\Controllers\Beer))
#7 C:\xampp\htdocs\ci\system\CodeIgniter.php(326): CodeIgniter\CodeIgniter->handleRequest(NULL, Object(Config\Cache), false)
#8 C:\xampp\htdocs\ci\public\index.php(37): CodeIgniter\CodeIgniter->run()
#9 {main}
