CRITICAL - 2022-06-19 12:18:09 --> Undefined variable $header
#0 C:\xampp\htdocs\code\mvc-codeigniter\app\Views\cervezas\crear.php(1): CodeIgniter\Debug\Exceptions->errorHandler(2, 'Undefined varia...', 'C:\\xampp\\htdocs...', 1)
#1 C:\xampp\htdocs\code\mvc-codeigniter\system\View\View.php(210): include('C:\\xampp\\htdocs...')
#2 C:\xampp\htdocs\code\mvc-codeigniter\system\View\View.php(213): CodeIgniter\View\View->CodeIgniter\View\{closure}()
#3 C:\xampp\htdocs\code\mvc-codeigniter\system\Common.php(1089): CodeIgniter\View\View->render('cervezas/crear', Array, true)
#4 C:\xampp\htdocs\code\mvc-codeigniter\app\Controllers\Home.php(9): view('cervezas/crear')
#5 C:\xampp\htdocs\code\mvc-codeigniter\system\CodeIgniter.php(832): App\Controllers\Home->index()
#6 C:\xampp\htdocs\code\mvc-codeigniter\system\CodeIgniter.php(419): CodeIgniter\CodeIgniter->runController(Object(App\Controllers\Home))
#7 C:\xampp\htdocs\code\mvc-codeigniter\system\CodeIgniter.php(326): CodeIgniter\CodeIgniter->handleRequest(NULL, Object(Config\Cache), false)
#8 C:\xampp\htdocs\code\mvc-codeigniter\public\index.php(37): CodeIgniter\CodeIgniter->run()
#9 {main}
CRITICAL - 2022-06-19 12:20:55 --> Undefined variable $header
#0 C:\xampp\htdocs\code\mvc-codeigniter\app\Views\cervezas\crear.php(1): CodeIgniter\Debug\Exceptions->errorHandler(2, 'Undefined varia...', 'C:\\xampp\\htdocs...', 1)
#1 C:\xampp\htdocs\code\mvc-codeigniter\system\View\View.php(210): include('C:\\xampp\\htdocs...')
#2 C:\xampp\htdocs\code\mvc-codeigniter\system\View\View.php(213): CodeIgniter\View\View->CodeIgniter\View\{closure}()
#3 C:\xampp\htdocs\code\mvc-codeigniter\system\Common.php(1089): CodeIgniter\View\View->render('cervezas/crear', Array, true)
#4 C:\xampp\htdocs\code\mvc-codeigniter\app\Controllers\Home.php(9): view('cervezas/crear')
#5 C:\xampp\htdocs\code\mvc-codeigniter\system\CodeIgniter.php(832): App\Controllers\Home->index()
#6 C:\xampp\htdocs\code\mvc-codeigniter\system\CodeIgniter.php(419): CodeIgniter\CodeIgniter->runController(Object(App\Controllers\Home))
#7 C:\xampp\htdocs\code\mvc-codeigniter\system\CodeIgniter.php(326): CodeIgniter\CodeIgniter->handleRequest(NULL, Object(Config\Cache), false)
#8 C:\xampp\htdocs\code\mvc-codeigniter\public\index.php(37): CodeIgniter\CodeIgniter->run()
#9 {main}
CRITICAL - 2022-06-19 12:23:46 --> Undefined variable $header
#0 C:\xampp\htdocs\code\mvc-codeigniter\app\Views\cervezas\crear.php(1): CodeIgniter\Debug\Exceptions->errorHandler(2, 'Undefined varia...', 'C:\\xampp\\htdocs...', 1)
#1 C:\xampp\htdocs\code\mvc-codeigniter\system\View\View.php(210): include('C:\\xampp\\htdocs...')
#2 C:\xampp\htdocs\code\mvc-codeigniter\system\View\View.php(213): CodeIgniter\View\View->CodeIgniter\View\{closure}()
#3 C:\xampp\htdocs\code\mvc-codeigniter\system\Common.php(1089): CodeIgniter\View\View->render('cervezas/crear', Array, true)
#4 C:\xampp\htdocs\code\mvc-codeigniter\app\Controllers\Home.php(9): view('cervezas/crear')
#5 C:\xampp\htdocs\code\mvc-codeigniter\system\CodeIgniter.php(832): App\Controllers\Home->index()
#6 C:\xampp\htdocs\code\mvc-codeigniter\system\CodeIgniter.php(419): CodeIgniter\CodeIgniter->runController(Object(App\Controllers\Home))
#7 C:\xampp\htdocs\code\mvc-codeigniter\system\CodeIgniter.php(326): CodeIgniter\CodeIgniter->handleRequest(NULL, Object(Config\Cache), false)
#8 C:\xampp\htdocs\code\mvc-codeigniter\public\index.php(37): CodeIgniter\CodeIgniter->run()
#9 {main}
