CRITICAL - 2022-06-09 22:04:02 --> Undefined variable $header
#0 C:\xampp\htdocs\ci\app\Views\cervezas\listar.php(1): CodeIgniter\Debug\Exceptions->errorHandler(2, 'Undefined varia...', 'C:\\xampp\\htdocs...', 1)
#1 C:\xampp\htdocs\ci\system\View\View.php(210): include('C:\\xampp\\htdocs...')
#2 C:\xampp\htdocs\ci\system\View\View.php(213): CodeIgniter\View\View->CodeIgniter\View\{closure}()
#3 C:\xampp\htdocs\ci\system\Common.php(1089): CodeIgniter\View\View->render('cervezas/listar', Array, true)
#4 C:\xampp\htdocs\ci\app\Controllers\Beer.php(80): view('cervezas/listar')
#5 C:\xampp\htdocs\ci\system\CodeIgniter.php(832): App\Controllers\Beer->actualizar()
#6 C:\xampp\htdocs\ci\system\CodeIgniter.php(419): CodeIgniter\CodeIgniter->runController(Object(App\Controllers\Beer))
#7 C:\xampp\htdocs\ci\system\CodeIgniter.php(326): CodeIgniter\CodeIgniter->handleRequest(NULL, Object(Config\Cache), false)
#8 C:\xampp\htdocs\ci\public\index.php(37): CodeIgniter\CodeIgniter->run()
#9 {main}
CRITICAL - 2022-06-09 22:05:34 --> Undefined variable $header
#0 C:\xampp\htdocs\ci\app\Views\cervezas\listar.php(1): CodeIgniter\Debug\Exceptions->errorHandler(2, 'Undefined varia...', 'C:\\xampp\\htdocs...', 1)
#1 C:\xampp\htdocs\ci\system\View\View.php(210): include('C:\\xampp\\htdocs...')
#2 C:\xampp\htdocs\ci\system\View\View.php(213): CodeIgniter\View\View->CodeIgniter\View\{closure}()
#3 C:\xampp\htdocs\ci\system\Common.php(1089): CodeIgniter\View\View->render('cervezas/listar', Array, true)
#4 C:\xampp\htdocs\ci\app\Controllers\Beer.php(80): view('cervezas/listar')
#5 C:\xampp\htdocs\ci\system\CodeIgniter.php(832): App\Controllers\Beer->actualizar()
#6 C:\xampp\htdocs\ci\system\CodeIgniter.php(419): CodeIgniter\CodeIgniter->runController(Object(App\Controllers\Beer))
#7 C:\xampp\htdocs\ci\system\CodeIgniter.php(326): CodeIgniter\CodeIgniter->handleRequest(NULL, Object(Config\Cache), false)
#8 C:\xampp\htdocs\ci\public\index.php(37): CodeIgniter\CodeIgniter->run()
#9 {main}
CRITICAL - 2022-06-09 22:08:44 --> Undefined variable $beer
#0 C:\xampp\htdocs\ci\app\Views\cervezas\listar.php(18): CodeIgniter\Debug\Exceptions->errorHandler(2, 'Undefined varia...', 'C:\\xampp\\htdocs...', 18)
#1 C:\xampp\htdocs\ci\system\View\View.php(210): include('C:\\xampp\\htdocs...')
#2 C:\xampp\htdocs\ci\system\View\View.php(213): CodeIgniter\View\View->CodeIgniter\View\{closure}()
#3 C:\xampp\htdocs\ci\system\Common.php(1089): CodeIgniter\View\View->render('cervezas/listar', Array, true)
#4 C:\xampp\htdocs\ci\app\Controllers\Beer.php(83): view('cervezas/listar', Array)
#5 C:\xampp\htdocs\ci\system\CodeIgniter.php(832): App\Controllers\Beer->actualizar()
#6 C:\xampp\htdocs\ci\system\CodeIgniter.php(419): CodeIgniter\CodeIgniter->runController(Object(App\Controllers\Beer))
#7 C:\xampp\htdocs\ci\system\CodeIgniter.php(326): CodeIgniter\CodeIgniter->handleRequest(NULL, Object(Config\Cache), false)
#8 C:\xampp\htdocs\ci\public\index.php(37): CodeIgniter\CodeIgniter->run()
#9 {main}
CRITICAL - 2022-06-09 22:10:21 --> Undefined variable $data
#0 C:\xampp\htdocs\ci\app\Views\cervezas\listar.php(18): CodeIgniter\Debug\Exceptions->errorHandler(2, 'Undefined varia...', 'C:\\xampp\\htdocs...', 18)
#1 C:\xampp\htdocs\ci\system\View\View.php(210): include('C:\\xampp\\htdocs...')
#2 C:\xampp\htdocs\ci\system\View\View.php(213): CodeIgniter\View\View->CodeIgniter\View\{closure}()
#3 C:\xampp\htdocs\ci\system\Common.php(1089): CodeIgniter\View\View->render('cervezas/listar', Array, true)
#4 C:\xampp\htdocs\ci\app\Controllers\Beer.php(83): view('cervezas/listar', Array)
#5 C:\xampp\htdocs\ci\system\CodeIgniter.php(832): App\Controllers\Beer->actualizar()
#6 C:\xampp\htdocs\ci\system\CodeIgniter.php(419): CodeIgniter\CodeIgniter->runController(Object(App\Controllers\Beer))
#7 C:\xampp\htdocs\ci\system\CodeIgniter.php(326): CodeIgniter\CodeIgniter->handleRequest(NULL, Object(Config\Cache), false)
#8 C:\xampp\htdocs\ci\public\index.php(37): CodeIgniter\CodeIgniter->run()
#9 {main}
CRITICAL - 2022-06-09 22:11:05 --> Cannot access offset of type string on string
#0 C:\xampp\htdocs\ci\system\View\View.php(210): include()
#1 C:\xampp\htdocs\ci\system\View\View.php(213): CodeIgniter\View\View->CodeIgniter\View\{closure}()
#2 C:\xampp\htdocs\ci\system\Common.php(1089): CodeIgniter\View\View->render('cervezas/listar', Array, true)
#3 C:\xampp\htdocs\ci\app\Controllers\Beer.php(85): view('cervezas/listar', Array)
#4 C:\xampp\htdocs\ci\system\CodeIgniter.php(832): App\Controllers\Beer->actualizar()
#5 C:\xampp\htdocs\ci\system\CodeIgniter.php(419): CodeIgniter\CodeIgniter->runController(Object(App\Controllers\Beer))
#6 C:\xampp\htdocs\ci\system\CodeIgniter.php(326): CodeIgniter\CodeIgniter->handleRequest(NULL, Object(Config\Cache), false)
#7 C:\xampp\htdocs\ci\public\index.php(37): CodeIgniter\CodeIgniter->run()
#8 {main}
CRITICAL - 2022-06-09 22:14:59 --> Cannot access offset of type string on string
#0 C:\xampp\htdocs\ci\system\View\View.php(210): include()
#1 C:\xampp\htdocs\ci\system\View\View.php(213): CodeIgniter\View\View->CodeIgniter\View\{closure}()
#2 C:\xampp\htdocs\ci\system\Common.php(1089): CodeIgniter\View\View->render('cervezas/listar', Array, true)
#3 C:\xampp\htdocs\ci\app\Controllers\Beer.php(86): view('cervezas/listar', Array)
#4 C:\xampp\htdocs\ci\system\CodeIgniter.php(832): App\Controllers\Beer->actualizar()
#5 C:\xampp\htdocs\ci\system\CodeIgniter.php(419): CodeIgniter\CodeIgniter->runController(Object(App\Controllers\Beer))
#6 C:\xampp\htdocs\ci\system\CodeIgniter.php(326): CodeIgniter\CodeIgniter->handleRequest(NULL, Object(Config\Cache), false)
#7 C:\xampp\htdocs\ci\public\index.php(37): CodeIgniter\CodeIgniter->run()
#8 {main}
CRITICAL - 2022-06-09 22:19:53 --> Undefined variable $data
#0 C:\xampp\htdocs\ci\app\Views\cervezas\listar.php(18): CodeIgniter\Debug\Exceptions->errorHandler(2, 'Undefined varia...', 'C:\\xampp\\htdocs...', 18)
#1 C:\xampp\htdocs\ci\system\View\View.php(210): include('C:\\xampp\\htdocs...')
#2 C:\xampp\htdocs\ci\system\View\View.php(213): CodeIgniter\View\View->CodeIgniter\View\{closure}()
#3 C:\xampp\htdocs\ci\system\Common.php(1089): CodeIgniter\View\View->render('cervezas/listar', Array, true)
#4 C:\xampp\htdocs\ci\app\Controllers\Beer.php(16): view('cervezas/listar', Array)
#5 C:\xampp\htdocs\ci\system\CodeIgniter.php(832): App\Controllers\Beer->index()
#6 C:\xampp\htdocs\ci\system\CodeIgniter.php(419): CodeIgniter\CodeIgniter->runController(Object(App\Controllers\Beer))
#7 C:\xampp\htdocs\ci\system\CodeIgniter.php(326): CodeIgniter\CodeIgniter->handleRequest(NULL, Object(Config\Cache), false)
#8 C:\xampp\htdocs\ci\public\index.php(37): CodeIgniter\CodeIgniter->run()
#9 {main}
CRITICAL - 2022-06-09 22:19:57 --> Undefined variable $data
#0 C:\xampp\htdocs\ci\app\Views\cervezas\listar.php(18): CodeIgniter\Debug\Exceptions->errorHandler(2, 'Undefined varia...', 'C:\\xampp\\htdocs...', 18)
#1 C:\xampp\htdocs\ci\system\View\View.php(210): include('C:\\xampp\\htdocs...')
#2 C:\xampp\htdocs\ci\system\View\View.php(213): CodeIgniter\View\View->CodeIgniter\View\{closure}()
#3 C:\xampp\htdocs\ci\system\Common.php(1089): CodeIgniter\View\View->render('cervezas/listar', Array, true)
#4 C:\xampp\htdocs\ci\app\Controllers\Beer.php(16): view('cervezas/listar', Array)
#5 C:\xampp\htdocs\ci\system\CodeIgniter.php(832): App\Controllers\Beer->index()
#6 C:\xampp\htdocs\ci\system\CodeIgniter.php(419): CodeIgniter\CodeIgniter->runController(Object(App\Controllers\Beer))
#7 C:\xampp\htdocs\ci\system\CodeIgniter.php(326): CodeIgniter\CodeIgniter->handleRequest(NULL, Object(Config\Cache), false)
#8 C:\xampp\htdocs\ci\public\index.php(37): CodeIgniter\CodeIgniter->run()
#9 {main}
CRITICAL - 2022-06-09 22:20:03 --> Undefined variable $header
#0 C:\xampp\htdocs\ci\app\Views\cervezas\crear.php(1): CodeIgniter\Debug\Exceptions->errorHandler(2, 'Undefined varia...', 'C:\\xampp\\htdocs...', 1)
#1 C:\xampp\htdocs\ci\system\View\View.php(210): include('C:\\xampp\\htdocs...')
#2 C:\xampp\htdocs\ci\system\View\View.php(213): CodeIgniter\View\View->CodeIgniter\View\{closure}()
#3 C:\xampp\htdocs\ci\system\Common.php(1089): CodeIgniter\View\View->render('cervezas/crear', Array, true)
#4 C:\xampp\htdocs\ci\app\Controllers\Home.php(9): view('cervezas/crear')
#5 C:\xampp\htdocs\ci\system\CodeIgniter.php(832): App\Controllers\Home->index()
#6 C:\xampp\htdocs\ci\system\CodeIgniter.php(419): CodeIgniter\CodeIgniter->runController(Object(App\Controllers\Home))
#7 C:\xampp\htdocs\ci\system\CodeIgniter.php(326): CodeIgniter\CodeIgniter->handleRequest(NULL, Object(Config\Cache), false)
#8 C:\xampp\htdocs\ci\public\index.php(37): CodeIgniter\CodeIgniter->run()
#9 {main}
CRITICAL - 2022-06-09 22:26:01 --> Undefined variable $header
#0 C:\xampp\htdocs\ci\app\Views\cervezas\crear.php(1): CodeIgniter\Debug\Exceptions->errorHandler(2, 'Undefined varia...', 'C:\\xampp\\htdocs...', 1)
#1 C:\xampp\htdocs\ci\system\View\View.php(210): include('C:\\xampp\\htdocs...')
#2 C:\xampp\htdocs\ci\system\View\View.php(213): CodeIgniter\View\View->CodeIgniter\View\{closure}()
#3 C:\xampp\htdocs\ci\system\Common.php(1089): CodeIgniter\View\View->render('cervezas/crear', Array, true)
#4 C:\xampp\htdocs\ci\app\Controllers\Home.php(9): view('cervezas/crear')
#5 C:\xampp\htdocs\ci\system\CodeIgniter.php(832): App\Controllers\Home->index()
#6 C:\xampp\htdocs\ci\system\CodeIgniter.php(419): CodeIgniter\CodeIgniter->runController(Object(App\Controllers\Home))
#7 C:\xampp\htdocs\ci\system\CodeIgniter.php(326): CodeIgniter\CodeIgniter->handleRequest(NULL, Object(Config\Cache), false)
#8 C:\xampp\htdocs\ci\public\index.php(37): CodeIgniter\CodeIgniter->run()
#9 {main}
CRITICAL - 2022-06-09 22:26:13 --> Undefined variable $data
#0 C:\xampp\htdocs\ci\app\Views\cervezas\listar.php(18): CodeIgniter\Debug\Exceptions->errorHandler(2, 'Undefined varia...', 'C:\\xampp\\htdocs...', 18)
#1 C:\xampp\htdocs\ci\system\View\View.php(210): include('C:\\xampp\\htdocs...')
#2 C:\xampp\htdocs\ci\system\View\View.php(213): CodeIgniter\View\View->CodeIgniter\View\{closure}()
#3 C:\xampp\htdocs\ci\system\Common.php(1089): CodeIgniter\View\View->render('cervezas/listar', Array, true)
#4 C:\xampp\htdocs\ci\app\Controllers\Beer.php(16): view('cervezas/listar', Array)
#5 C:\xampp\htdocs\ci\system\CodeIgniter.php(832): App\Controllers\Beer->index()
#6 C:\xampp\htdocs\ci\system\CodeIgniter.php(419): CodeIgniter\CodeIgniter->runController(Object(App\Controllers\Beer))
#7 C:\xampp\htdocs\ci\system\CodeIgniter.php(326): CodeIgniter\CodeIgniter->handleRequest(NULL, Object(Config\Cache), false)
#8 C:\xampp\htdocs\ci\public\index.php(37): CodeIgniter\CodeIgniter->run()
#9 {main}
CRITICAL - 2022-06-09 22:27:02 --> Undefined variable $datos
#0 C:\xampp\htdocs\ci\app\Views\cervezas\listar.php(18): CodeIgniter\Debug\Exceptions->errorHandler(2, 'Undefined varia...', 'C:\\xampp\\htdocs...', 18)
#1 C:\xampp\htdocs\ci\system\View\View.php(210): include('C:\\xampp\\htdocs...')
#2 C:\xampp\htdocs\ci\system\View\View.php(213): CodeIgniter\View\View->CodeIgniter\View\{closure}()
#3 C:\xampp\htdocs\ci\system\Common.php(1089): CodeIgniter\View\View->render('cervezas/listar', Array, true)
#4 C:\xampp\htdocs\ci\app\Controllers\Beer.php(16): view('cervezas/listar', Array)
#5 C:\xampp\htdocs\ci\system\CodeIgniter.php(832): App\Controllers\Beer->index()
#6 C:\xampp\htdocs\ci\system\CodeIgniter.php(419): CodeIgniter\CodeIgniter->runController(Object(App\Controllers\Beer))
#7 C:\xampp\htdocs\ci\system\CodeIgniter.php(326): CodeIgniter\CodeIgniter->handleRequest(NULL, Object(Config\Cache), false)
#8 C:\xampp\htdocs\ci\public\index.php(37): CodeIgniter\CodeIgniter->run()
#9 {main}
CRITICAL - 2022-06-09 22:28:53 --> Undefined variable $datos
#0 C:\xampp\htdocs\ci\app\Views\cervezas\listar.php(18): CodeIgniter\Debug\Exceptions->errorHandler(2, 'Undefined varia...', 'C:\\xampp\\htdocs...', 18)
#1 C:\xampp\htdocs\ci\system\View\View.php(210): include('C:\\xampp\\htdocs...')
#2 C:\xampp\htdocs\ci\system\View\View.php(213): CodeIgniter\View\View->CodeIgniter\View\{closure}()
#3 C:\xampp\htdocs\ci\system\Common.php(1089): CodeIgniter\View\View->render('cervezas/listar', Array, true)
#4 C:\xampp\htdocs\ci\app\Controllers\Beer.php(16): view('cervezas/listar', Array)
#5 C:\xampp\htdocs\ci\system\CodeIgniter.php(832): App\Controllers\Beer->index()
#6 C:\xampp\htdocs\ci\system\CodeIgniter.php(419): CodeIgniter\CodeIgniter->runController(Object(App\Controllers\Beer))
#7 C:\xampp\htdocs\ci\system\CodeIgniter.php(326): CodeIgniter\CodeIgniter->handleRequest(NULL, Object(Config\Cache), false)
#8 C:\xampp\htdocs\ci\public\index.php(37): CodeIgniter\CodeIgniter->run()
#9 {main}
CRITICAL - 2022-06-09 22:29:23 --> Undefined variable $datos
#0 C:\xampp\htdocs\ci\app\Views\cervezas\listar.php(18): CodeIgniter\Debug\Exceptions->errorHandler(2, 'Undefined varia...', 'C:\\xampp\\htdocs...', 18)
#1 C:\xampp\htdocs\ci\system\View\View.php(210): include('C:\\xampp\\htdocs...')
#2 C:\xampp\htdocs\ci\system\View\View.php(213): CodeIgniter\View\View->CodeIgniter\View\{closure}()
#3 C:\xampp\htdocs\ci\system\Common.php(1089): CodeIgniter\View\View->render('cervezas/listar', Array, true)
#4 C:\xampp\htdocs\ci\app\Controllers\Beer.php(16): view('cervezas/listar', Array)
#5 C:\xampp\htdocs\ci\system\CodeIgniter.php(832): App\Controllers\Beer->index()
#6 C:\xampp\htdocs\ci\system\CodeIgniter.php(419): CodeIgniter\CodeIgniter->runController(Object(App\Controllers\Beer))
#7 C:\xampp\htdocs\ci\system\CodeIgniter.php(326): CodeIgniter\CodeIgniter->handleRequest(NULL, Object(Config\Cache), false)
#8 C:\xampp\htdocs\ci\public\index.php(37): CodeIgniter\CodeIgniter->run()
#9 {main}
CRITICAL - 2022-06-09 22:32:57 --> Undefined variable $datos
#0 C:\xampp\htdocs\ci\app\Views\cervezas\listar.php(18): CodeIgniter\Debug\Exceptions->errorHandler(2, 'Undefined varia...', 'C:\\xampp\\htdocs...', 18)
#1 C:\xampp\htdocs\ci\system\View\View.php(210): include('C:\\xampp\\htdocs...')
#2 C:\xampp\htdocs\ci\system\View\View.php(213): CodeIgniter\View\View->CodeIgniter\View\{closure}()
#3 C:\xampp\htdocs\ci\system\Common.php(1089): CodeIgniter\View\View->render('cervezas/listar', Array, true)
#4 C:\xampp\htdocs\ci\app\Controllers\Beer.php(16): view('cervezas/listar', Array)
#5 C:\xampp\htdocs\ci\system\CodeIgniter.php(832): App\Controllers\Beer->index()
#6 C:\xampp\htdocs\ci\system\CodeIgniter.php(419): CodeIgniter\CodeIgniter->runController(Object(App\Controllers\Beer))
#7 C:\xampp\htdocs\ci\system\CodeIgniter.php(326): CodeIgniter\CodeIgniter->handleRequest(NULL, Object(Config\Cache), false)
#8 C:\xampp\htdocs\ci\public\index.php(37): CodeIgniter\CodeIgniter->run()
#9 {main}
CRITICAL - 2022-06-09 22:33:18 --> Undefined variable $data
#0 C:\xampp\htdocs\ci\app\Views\cervezas\listar.php(18): CodeIgniter\Debug\Exceptions->errorHandler(2, 'Undefined varia...', 'C:\\xampp\\htdocs...', 18)
#1 C:\xampp\htdocs\ci\system\View\View.php(210): include('C:\\xampp\\htdocs...')
#2 C:\xampp\htdocs\ci\system\View\View.php(213): CodeIgniter\View\View->CodeIgniter\View\{closure}()
#3 C:\xampp\htdocs\ci\system\Common.php(1089): CodeIgniter\View\View->render('cervezas/listar', Array, true)
#4 C:\xampp\htdocs\ci\app\Controllers\Beer.php(16): view('cervezas/listar', Array)
#5 C:\xampp\htdocs\ci\system\CodeIgniter.php(832): App\Controllers\Beer->index()
#6 C:\xampp\htdocs\ci\system\CodeIgniter.php(419): CodeIgniter\CodeIgniter->runController(Object(App\Controllers\Beer))
#7 C:\xampp\htdocs\ci\system\CodeIgniter.php(326): CodeIgniter\CodeIgniter->handleRequest(NULL, Object(Config\Cache), false)
#8 C:\xampp\htdocs\ci\public\index.php(37): CodeIgniter\CodeIgniter->run()
#9 {main}
CRITICAL - 2022-06-09 22:34:38 --> Undefined variable $data
#0 C:\xampp\htdocs\ci\app\Views\cervezas\listar.php(18): CodeIgniter\Debug\Exceptions->errorHandler(2, 'Undefined varia...', 'C:\\xampp\\htdocs...', 18)
#1 C:\xampp\htdocs\ci\system\View\View.php(210): include('C:\\xampp\\htdocs...')
#2 C:\xampp\htdocs\ci\system\View\View.php(213): CodeIgniter\View\View->CodeIgniter\View\{closure}()
#3 C:\xampp\htdocs\ci\system\Common.php(1089): CodeIgniter\View\View->render('cervezas/listar', Array, true)
#4 C:\xampp\htdocs\ci\app\Controllers\Beer.php(16): view('cervezas/listar', Array)
#5 C:\xampp\htdocs\ci\system\CodeIgniter.php(832): App\Controllers\Beer->index()
#6 C:\xampp\htdocs\ci\system\CodeIgniter.php(419): CodeIgniter\CodeIgniter->runController(Object(App\Controllers\Beer))
#7 C:\xampp\htdocs\ci\system\CodeIgniter.php(326): CodeIgniter\CodeIgniter->handleRequest(NULL, Object(Config\Cache), false)
#8 C:\xampp\htdocs\ci\public\index.php(37): CodeIgniter\CodeIgniter->run()
#9 {main}
CRITICAL - 2022-06-09 22:34:42 --> Undefined variable $data
#0 C:\xampp\htdocs\ci\app\Views\cervezas\listar.php(18): CodeIgniter\Debug\Exceptions->errorHandler(2, 'Undefined varia...', 'C:\\xampp\\htdocs...', 18)
#1 C:\xampp\htdocs\ci\system\View\View.php(210): include('C:\\xampp\\htdocs...')
#2 C:\xampp\htdocs\ci\system\View\View.php(213): CodeIgniter\View\View->CodeIgniter\View\{closure}()
#3 C:\xampp\htdocs\ci\system\Common.php(1089): CodeIgniter\View\View->render('cervezas/listar', Array, true)
#4 C:\xampp\htdocs\ci\app\Controllers\Beer.php(16): view('cervezas/listar', Array)
#5 C:\xampp\htdocs\ci\system\CodeIgniter.php(832): App\Controllers\Beer->index()
#6 C:\xampp\htdocs\ci\system\CodeIgniter.php(419): CodeIgniter\CodeIgniter->runController(Object(App\Controllers\Beer))
#7 C:\xampp\htdocs\ci\system\CodeIgniter.php(326): CodeIgniter\CodeIgniter->handleRequest(NULL, Object(Config\Cache), false)
#8 C:\xampp\htdocs\ci\public\index.php(37): CodeIgniter\CodeIgniter->run()
#9 {main}
CRITICAL - 2022-06-09 22:34:49 --> Undefined variable $header
#0 C:\xampp\htdocs\ci\app\Views\cervezas\crear.php(1): CodeIgniter\Debug\Exceptions->errorHandler(2, 'Undefined varia...', 'C:\\xampp\\htdocs...', 1)
#1 C:\xampp\htdocs\ci\system\View\View.php(210): include('C:\\xampp\\htdocs...')
#2 C:\xampp\htdocs\ci\system\View\View.php(213): CodeIgniter\View\View->CodeIgniter\View\{closure}()
#3 C:\xampp\htdocs\ci\system\Common.php(1089): CodeIgniter\View\View->render('cervezas/crear', Array, true)
#4 C:\xampp\htdocs\ci\app\Controllers\Home.php(9): view('cervezas/crear')
#5 C:\xampp\htdocs\ci\system\CodeIgniter.php(832): App\Controllers\Home->index()
#6 C:\xampp\htdocs\ci\system\CodeIgniter.php(419): CodeIgniter\CodeIgniter->runController(Object(App\Controllers\Home))
#7 C:\xampp\htdocs\ci\system\CodeIgniter.php(326): CodeIgniter\CodeIgniter->handleRequest(NULL, Object(Config\Cache), false)
#8 C:\xampp\htdocs\ci\public\index.php(37): CodeIgniter\CodeIgniter->run()
#9 {main}
CRITICAL - 2022-06-09 22:34:52 --> Undefined variable $data
#0 C:\xampp\htdocs\ci\app\Views\cervezas\listar.php(18): CodeIgniter\Debug\Exceptions->errorHandler(2, 'Undefined varia...', 'C:\\xampp\\htdocs...', 18)
#1 C:\xampp\htdocs\ci\system\View\View.php(210): include('C:\\xampp\\htdocs...')
#2 C:\xampp\htdocs\ci\system\View\View.php(213): CodeIgniter\View\View->CodeIgniter\View\{closure}()
#3 C:\xampp\htdocs\ci\system\Common.php(1089): CodeIgniter\View\View->render('cervezas/listar', Array, true)
#4 C:\xampp\htdocs\ci\app\Controllers\Beer.php(16): view('cervezas/listar', Array)
#5 C:\xampp\htdocs\ci\system\CodeIgniter.php(832): App\Controllers\Beer->index()
#6 C:\xampp\htdocs\ci\system\CodeIgniter.php(419): CodeIgniter\CodeIgniter->runController(Object(App\Controllers\Beer))
#7 C:\xampp\htdocs\ci\system\CodeIgniter.php(326): CodeIgniter\CodeIgniter->handleRequest(NULL, Object(Config\Cache), false)
#8 C:\xampp\htdocs\ci\public\index.php(37): CodeIgniter\CodeIgniter->run()
#9 {main}
CRITICAL - 2022-06-09 22:34:57 --> Undefined array key "datos"
#0 C:\xampp\htdocs\ci\app\Controllers\Beer.php(24): CodeIgniter\Debug\Exceptions->errorHandler(2, 'Undefined array...', 'C:\\xampp\\htdocs...', 24)
#1 C:\xampp\htdocs\ci\system\CodeIgniter.php(832): App\Controllers\Beer->crear()
#2 C:\xampp\htdocs\ci\system\CodeIgniter.php(419): CodeIgniter\CodeIgniter->runController(Object(App\Controllers\Beer))
#3 C:\xampp\htdocs\ci\system\CodeIgniter.php(326): CodeIgniter\CodeIgniter->handleRequest(NULL, Object(Config\Cache), false)
#4 C:\xampp\htdocs\ci\public\index.php(37): CodeIgniter\CodeIgniter->run()
#5 {main}
CRITICAL - 2022-06-09 22:35:45 --> Undefined variable $data
#0 C:\xampp\htdocs\ci\app\Views\cervezas\listar.php(18): CodeIgniter\Debug\Exceptions->errorHandler(2, 'Undefined varia...', 'C:\\xampp\\htdocs...', 18)
#1 C:\xampp\htdocs\ci\system\View\View.php(210): include('C:\\xampp\\htdocs...')
#2 C:\xampp\htdocs\ci\system\View\View.php(213): CodeIgniter\View\View->CodeIgniter\View\{closure}()
#3 C:\xampp\htdocs\ci\system\Common.php(1089): CodeIgniter\View\View->render('cervezas/listar', Array, true)
#4 C:\xampp\htdocs\ci\app\Controllers\Beer.php(16): view('cervezas/listar', Array)
#5 C:\xampp\htdocs\ci\system\CodeIgniter.php(832): App\Controllers\Beer->index()
#6 C:\xampp\htdocs\ci\system\CodeIgniter.php(419): CodeIgniter\CodeIgniter->runController(Object(App\Controllers\Beer))
#7 C:\xampp\htdocs\ci\system\CodeIgniter.php(326): CodeIgniter\CodeIgniter->handleRequest(NULL, Object(Config\Cache), false)
#8 C:\xampp\htdocs\ci\public\index.php(37): CodeIgniter\CodeIgniter->run()
#9 {main}
CRITICAL - 2022-06-09 22:36:19 --> Undefined variable $data
#0 C:\xampp\htdocs\ci\app\Views\cervezas\listar.php(18): CodeIgniter\Debug\Exceptions->errorHandler(2, 'Undefined varia...', 'C:\\xampp\\htdocs...', 18)
#1 C:\xampp\htdocs\ci\system\View\View.php(210): include('C:\\xampp\\htdocs...')
#2 C:\xampp\htdocs\ci\system\View\View.php(213): CodeIgniter\View\View->CodeIgniter\View\{closure}()
#3 C:\xampp\htdocs\ci\system\Common.php(1089): CodeIgniter\View\View->render('cervezas/listar', Array, true)
#4 C:\xampp\htdocs\ci\app\Controllers\Beer.php(16): view('cervezas/listar', Array)
#5 C:\xampp\htdocs\ci\system\CodeIgniter.php(832): App\Controllers\Beer->index()
#6 C:\xampp\htdocs\ci\system\CodeIgniter.php(419): CodeIgniter\CodeIgniter->runController(Object(App\Controllers\Beer))
#7 C:\xampp\htdocs\ci\system\CodeIgniter.php(326): CodeIgniter\CodeIgniter->handleRequest(NULL, Object(Config\Cache), false)
#8 C:\xampp\htdocs\ci\public\index.php(37): CodeIgniter\CodeIgniter->run()
#9 {main}
CRITICAL - 2022-06-09 22:36:21 --> Undefined variable $data
#0 C:\xampp\htdocs\ci\app\Views\cervezas\listar.php(18): CodeIgniter\Debug\Exceptions->errorHandler(2, 'Undefined varia...', 'C:\\xampp\\htdocs...', 18)
#1 C:\xampp\htdocs\ci\system\View\View.php(210): include('C:\\xampp\\htdocs...')
#2 C:\xampp\htdocs\ci\system\View\View.php(213): CodeIgniter\View\View->CodeIgniter\View\{closure}()
#3 C:\xampp\htdocs\ci\system\Common.php(1089): CodeIgniter\View\View->render('cervezas/listar', Array, true)
#4 C:\xampp\htdocs\ci\app\Controllers\Beer.php(16): view('cervezas/listar', Array)
#5 C:\xampp\htdocs\ci\system\CodeIgniter.php(832): App\Controllers\Beer->index()
#6 C:\xampp\htdocs\ci\system\CodeIgniter.php(419): CodeIgniter\CodeIgniter->runController(Object(App\Controllers\Beer))
#7 C:\xampp\htdocs\ci\system\CodeIgniter.php(326): CodeIgniter\CodeIgniter->handleRequest(NULL, Object(Config\Cache), false)
#8 C:\xampp\htdocs\ci\public\index.php(37): CodeIgniter\CodeIgniter->run()
#9 {main}
CRITICAL - 2022-06-09 22:36:28 --> Undefined variable $header
#0 C:\xampp\htdocs\ci\app\Views\cervezas\crear.php(1): CodeIgniter\Debug\Exceptions->errorHandler(2, 'Undefined varia...', 'C:\\xampp\\htdocs...', 1)
#1 C:\xampp\htdocs\ci\system\View\View.php(210): include('C:\\xampp\\htdocs...')
#2 C:\xampp\htdocs\ci\system\View\View.php(213): CodeIgniter\View\View->CodeIgniter\View\{closure}()
#3 C:\xampp\htdocs\ci\system\Common.php(1089): CodeIgniter\View\View->render('cervezas/crear', Array, true)
#4 C:\xampp\htdocs\ci\app\Controllers\Home.php(9): view('cervezas/crear')
#5 C:\xampp\htdocs\ci\system\CodeIgniter.php(832): App\Controllers\Home->index()
#6 C:\xampp\htdocs\ci\system\CodeIgniter.php(419): CodeIgniter\CodeIgniter->runController(Object(App\Controllers\Home))
#7 C:\xampp\htdocs\ci\system\CodeIgniter.php(326): CodeIgniter\CodeIgniter->handleRequest(NULL, Object(Config\Cache), false)
#8 C:\xampp\htdocs\ci\public\index.php(37): CodeIgniter\CodeIgniter->run()
#9 {main}
CRITICAL - 2022-06-09 22:36:45 --> Undefined variable $data
#0 C:\xampp\htdocs\ci\app\Views\cervezas\listar.php(18): CodeIgniter\Debug\Exceptions->errorHandler(2, 'Undefined varia...', 'C:\\xampp\\htdocs...', 18)
#1 C:\xampp\htdocs\ci\system\View\View.php(210): include('C:\\xampp\\htdocs...')
#2 C:\xampp\htdocs\ci\system\View\View.php(213): CodeIgniter\View\View->CodeIgniter\View\{closure}()
#3 C:\xampp\htdocs\ci\system\Common.php(1089): CodeIgniter\View\View->render('cervezas/listar', Array, true)
#4 C:\xampp\htdocs\ci\app\Controllers\Beer.php(16): view('cervezas/listar', Array)
#5 C:\xampp\htdocs\ci\system\CodeIgniter.php(832): App\Controllers\Beer->index()
#6 C:\xampp\htdocs\ci\system\CodeIgniter.php(419): CodeIgniter\CodeIgniter->runController(Object(App\Controllers\Beer))
#7 C:\xampp\htdocs\ci\system\CodeIgniter.php(326): CodeIgniter\CodeIgniter->handleRequest(NULL, Object(Config\Cache), false)
#8 C:\xampp\htdocs\ci\public\index.php(37): CodeIgniter\CodeIgniter->run()
#9 {main}
CRITICAL - 2022-06-09 22:37:52 --> Undefined variable $data
#0 C:\xampp\htdocs\ci\app\Views\cervezas\listar.php(18): CodeIgniter\Debug\Exceptions->errorHandler(2, 'Undefined varia...', 'C:\\xampp\\htdocs...', 18)
#1 C:\xampp\htdocs\ci\system\View\View.php(210): include('C:\\xampp\\htdocs...')
#2 C:\xampp\htdocs\ci\system\View\View.php(213): CodeIgniter\View\View->CodeIgniter\View\{closure}()
#3 C:\xampp\htdocs\ci\system\Common.php(1089): CodeIgniter\View\View->render('cervezas/listar', Array, true)
#4 C:\xampp\htdocs\ci\app\Controllers\Beer.php(16): view('cervezas/listar', Array)
#5 C:\xampp\htdocs\ci\system\CodeIgniter.php(832): App\Controllers\Beer->index()
#6 C:\xampp\htdocs\ci\system\CodeIgniter.php(419): CodeIgniter\CodeIgniter->runController(Object(App\Controllers\Beer))
#7 C:\xampp\htdocs\ci\system\CodeIgniter.php(326): CodeIgniter\CodeIgniter->handleRequest(NULL, Object(Config\Cache), false)
#8 C:\xampp\htdocs\ci\public\index.php(37): CodeIgniter\CodeIgniter->run()
#9 {main}
CRITICAL - 2022-06-09 22:38:09 --> Undefined variable $data
#0 C:\xampp\htdocs\ci\app\Views\cervezas\listar.php(18): CodeIgniter\Debug\Exceptions->errorHandler(2, 'Undefined varia...', 'C:\\xampp\\htdocs...', 18)
#1 C:\xampp\htdocs\ci\system\View\View.php(210): include('C:\\xampp\\htdocs...')
#2 C:\xampp\htdocs\ci\system\View\View.php(213): CodeIgniter\View\View->CodeIgniter\View\{closure}()
#3 C:\xampp\htdocs\ci\system\Common.php(1089): CodeIgniter\View\View->render('cervezas/listar', Array, true)
#4 C:\xampp\htdocs\ci\app\Controllers\Beer.php(16): view('cervezas/listar', Array)
#5 C:\xampp\htdocs\ci\system\CodeIgniter.php(832): App\Controllers\Beer->index()
#6 C:\xampp\htdocs\ci\system\CodeIgniter.php(419): CodeIgniter\CodeIgniter->runController(Object(App\Controllers\Beer))
#7 C:\xampp\htdocs\ci\system\CodeIgniter.php(326): CodeIgniter\CodeIgniter->handleRequest(NULL, Object(Config\Cache), false)
#8 C:\xampp\htdocs\ci\public\index.php(37): CodeIgniter\CodeIgniter->run()
#9 {main}
CRITICAL - 2022-06-09 22:41:36 --> Undefined variable $data
#0 C:\xampp\htdocs\ci\app\Views\cervezas\listar.php(18): CodeIgniter\Debug\Exceptions->errorHandler(2, 'Undefined varia...', 'C:\\xampp\\htdocs...', 18)
#1 C:\xampp\htdocs\ci\system\View\View.php(210): include('C:\\xampp\\htdocs...')
#2 C:\xampp\htdocs\ci\system\View\View.php(213): CodeIgniter\View\View->CodeIgniter\View\{closure}()
#3 C:\xampp\htdocs\ci\system\Common.php(1089): CodeIgniter\View\View->render('cervezas/listar', Array, true)
#4 C:\xampp\htdocs\ci\app\Controllers\Beer.php(16): view('cervezas/listar', Array)
#5 C:\xampp\htdocs\ci\system\CodeIgniter.php(832): App\Controllers\Beer->index()
#6 C:\xampp\htdocs\ci\system\CodeIgniter.php(419): CodeIgniter\CodeIgniter->runController(Object(App\Controllers\Beer))
#7 C:\xampp\htdocs\ci\system\CodeIgniter.php(326): CodeIgniter\CodeIgniter->handleRequest(NULL, Object(Config\Cache), false)
#8 C:\xampp\htdocs\ci\public\index.php(37): CodeIgniter\CodeIgniter->run()
#9 {main}
CRITICAL - 2022-06-09 22:43:04 --> Undefined variable $data
#0 C:\xampp\htdocs\ci\app\Views\cervezas\listar.php(18): CodeIgniter\Debug\Exceptions->errorHandler(2, 'Undefined varia...', 'C:\\xampp\\htdocs...', 18)
#1 C:\xampp\htdocs\ci\system\View\View.php(210): include('C:\\xampp\\htdocs...')
#2 C:\xampp\htdocs\ci\system\View\View.php(213): CodeIgniter\View\View->CodeIgniter\View\{closure}()
#3 C:\xampp\htdocs\ci\system\Common.php(1089): CodeIgniter\View\View->render('cervezas/listar', Array, true)
#4 C:\xampp\htdocs\ci\app\Controllers\Beer.php(16): view('cervezas/listar', Array)
#5 C:\xampp\htdocs\ci\system\CodeIgniter.php(832): App\Controllers\Beer->index()
#6 C:\xampp\htdocs\ci\system\CodeIgniter.php(419): CodeIgniter\CodeIgniter->runController(Object(App\Controllers\Beer))
#7 C:\xampp\htdocs\ci\system\CodeIgniter.php(326): CodeIgniter\CodeIgniter->handleRequest(NULL, Object(Config\Cache), false)
#8 C:\xampp\htdocs\ci\public\index.php(37): CodeIgniter\CodeIgniter->run()
#9 {main}
CRITICAL - 2022-06-09 22:43:09 --> Undefined variable $data
#0 C:\xampp\htdocs\ci\app\Views\cervezas\listar.php(18): CodeIgniter\Debug\Exceptions->errorHandler(2, 'Undefined varia...', 'C:\\xampp\\htdocs...', 18)
#1 C:\xampp\htdocs\ci\system\View\View.php(210): include('C:\\xampp\\htdocs...')
#2 C:\xampp\htdocs\ci\system\View\View.php(213): CodeIgniter\View\View->CodeIgniter\View\{closure}()
#3 C:\xampp\htdocs\ci\system\Common.php(1089): CodeIgniter\View\View->render('cervezas/listar', Array, true)
#4 C:\xampp\htdocs\ci\app\Controllers\Beer.php(16): view('cervezas/listar', Array)
#5 C:\xampp\htdocs\ci\system\CodeIgniter.php(832): App\Controllers\Beer->index()
#6 C:\xampp\htdocs\ci\system\CodeIgniter.php(419): CodeIgniter\CodeIgniter->runController(Object(App\Controllers\Beer))
#7 C:\xampp\htdocs\ci\system\CodeIgniter.php(326): CodeIgniter\CodeIgniter->handleRequest(NULL, Object(Config\Cache), false)
#8 C:\xampp\htdocs\ci\public\index.php(37): CodeIgniter\CodeIgniter->run()
#9 {main}
CRITICAL - 2022-06-09 22:44:21 --> Undefined variable $data
#0 C:\xampp\htdocs\ci\app\Views\cervezas\listar.php(18): CodeIgniter\Debug\Exceptions->errorHandler(2, 'Undefined varia...', 'C:\\xampp\\htdocs...', 18)
#1 C:\xampp\htdocs\ci\system\View\View.php(210): include('C:\\xampp\\htdocs...')
#2 C:\xampp\htdocs\ci\system\View\View.php(213): CodeIgniter\View\View->CodeIgniter\View\{closure}()
#3 C:\xampp\htdocs\ci\system\Common.php(1089): CodeIgniter\View\View->render('cervezas/listar', Array, true)
#4 C:\xampp\htdocs\ci\app\Controllers\Beer.php(85): view('cervezas/listar', Array)
#5 C:\xampp\htdocs\ci\system\CodeIgniter.php(832): App\Controllers\Beer->actualizar()
#6 C:\xampp\htdocs\ci\system\CodeIgniter.php(419): CodeIgniter\CodeIgniter->runController(Object(App\Controllers\Beer))
#7 C:\xampp\htdocs\ci\system\CodeIgniter.php(326): CodeIgniter\CodeIgniter->handleRequest(NULL, Object(Config\Cache), false)
#8 C:\xampp\htdocs\ci\public\index.php(37): CodeIgniter\CodeIgniter->run()
#9 {main}
CRITICAL - 2022-06-09 22:53:41 --> Undefined variable $data
#0 C:\xampp\htdocs\ci\app\Views\cervezas\listar.php(18): CodeIgniter\Debug\Exceptions->errorHandler(2, 'Undefined varia...', 'C:\\xampp\\htdocs...', 18)
#1 C:\xampp\htdocs\ci\system\View\View.php(210): include('C:\\xampp\\htdocs...')
#2 C:\xampp\htdocs\ci\system\View\View.php(213): CodeIgniter\View\View->CodeIgniter\View\{closure}()
#3 C:\xampp\htdocs\ci\system\Common.php(1089): CodeIgniter\View\View->render('cervezas/listar', Array, true)
#4 C:\xampp\htdocs\ci\app\Controllers\Beer.php(16): view('cervezas/listar', Array)
#5 C:\xampp\htdocs\ci\system\CodeIgniter.php(832): App\Controllers\Beer->index()
#6 C:\xampp\htdocs\ci\system\CodeIgniter.php(419): CodeIgniter\CodeIgniter->runController(Object(App\Controllers\Beer))
#7 C:\xampp\htdocs\ci\system\CodeIgniter.php(326): CodeIgniter\CodeIgniter->handleRequest(NULL, Object(Config\Cache), false)
#8 C:\xampp\htdocs\ci\public\index.php(37): CodeIgniter\CodeIgniter->run()
#9 {main}
CRITICAL - 2022-06-09 22:56:04 --> Undefined variable $data
#0 C:\xampp\htdocs\ci\app\Views\cervezas\listar.php(18): CodeIgniter\Debug\Exceptions->errorHandler(2, 'Undefined varia...', 'C:\\xampp\\htdocs...', 18)
#1 C:\xampp\htdocs\ci\system\View\View.php(210): include('C:\\xampp\\htdocs...')
#2 C:\xampp\htdocs\ci\system\View\View.php(213): CodeIgniter\View\View->CodeIgniter\View\{closure}()
#3 C:\xampp\htdocs\ci\system\Common.php(1089): CodeIgniter\View\View->render('cervezas/listar', Array, true)
#4 C:\xampp\htdocs\ci\app\Controllers\Beer.php(16): view('cervezas/listar', Array)
#5 C:\xampp\htdocs\ci\system\CodeIgniter.php(832): App\Controllers\Beer->index()
#6 C:\xampp\htdocs\ci\system\CodeIgniter.php(419): CodeIgniter\CodeIgniter->runController(Object(App\Controllers\Beer))
#7 C:\xampp\htdocs\ci\system\CodeIgniter.php(326): CodeIgniter\CodeIgniter->handleRequest(NULL, Object(Config\Cache), false)
#8 C:\xampp\htdocs\ci\public\index.php(37): CodeIgniter\CodeIgniter->run()
#9 {main}
CRITICAL - 2022-06-09 22:57:36 --> Undefined variable $datos
#0 C:\xampp\htdocs\ci\app\Views\cervezas\listar.php(18): CodeIgniter\Debug\Exceptions->errorHandler(2, 'Undefined varia...', 'C:\\xampp\\htdocs...', 18)
#1 C:\xampp\htdocs\ci\system\View\View.php(210): include('C:\\xampp\\htdocs...')
#2 C:\xampp\htdocs\ci\system\View\View.php(213): CodeIgniter\View\View->CodeIgniter\View\{closure}()
#3 C:\xampp\htdocs\ci\system\Common.php(1089): CodeIgniter\View\View->render('cervezas/listar', Array, true)
#4 C:\xampp\htdocs\ci\app\Controllers\Beer.php(16): view('cervezas/listar', Array)
#5 C:\xampp\htdocs\ci\system\CodeIgniter.php(832): App\Controllers\Beer->index()
#6 C:\xampp\htdocs\ci\system\CodeIgniter.php(419): CodeIgniter\CodeIgniter->runController(Object(App\Controllers\Beer))
#7 C:\xampp\htdocs\ci\system\CodeIgniter.php(326): CodeIgniter\CodeIgniter->handleRequest(NULL, Object(Config\Cache), false)
#8 C:\xampp\htdocs\ci\public\index.php(37): CodeIgniter\CodeIgniter->run()
#9 {main}
CRITICAL - 2022-06-09 22:58:53 --> Undefined variable $header
#0 C:\xampp\htdocs\ci\app\Views\cervezas\crear.php(1): CodeIgniter\Debug\Exceptions->errorHandler(2, 'Undefined varia...', 'C:\\xampp\\htdocs...', 1)
#1 C:\xampp\htdocs\ci\system\View\View.php(210): include('C:\\xampp\\htdocs...')
#2 C:\xampp\htdocs\ci\system\View\View.php(213): CodeIgniter\View\View->CodeIgniter\View\{closure}()
#3 C:\xampp\htdocs\ci\system\Common.php(1089): CodeIgniter\View\View->render('cervezas/crear', Array, true)
#4 C:\xampp\htdocs\ci\app\Controllers\Home.php(9): view('cervezas/crear')
#5 C:\xampp\htdocs\ci\system\CodeIgniter.php(832): App\Controllers\Home->index()
#6 C:\xampp\htdocs\ci\system\CodeIgniter.php(419): CodeIgniter\CodeIgniter->runController(Object(App\Controllers\Home))
#7 C:\xampp\htdocs\ci\system\CodeIgniter.php(326): CodeIgniter\CodeIgniter->handleRequest(NULL, Object(Config\Cache), false)
#8 C:\xampp\htdocs\ci\public\index.php(37): CodeIgniter\CodeIgniter->run()
#9 {main}
CRITICAL - 2022-06-09 22:59:07 --> Undefined variable $header
#0 C:\xampp\htdocs\ci\app\Views\cervezas\crear.php(1): CodeIgniter\Debug\Exceptions->errorHandler(2, 'Undefined varia...', 'C:\\xampp\\htdocs...', 1)
#1 C:\xampp\htdocs\ci\system\View\View.php(210): include('C:\\xampp\\htdocs...')
#2 C:\xampp\htdocs\ci\system\View\View.php(213): CodeIgniter\View\View->CodeIgniter\View\{closure}()
#3 C:\xampp\htdocs\ci\system\Common.php(1089): CodeIgniter\View\View->render('cervezas/crear', Array, true)
#4 C:\xampp\htdocs\ci\app\Controllers\Home.php(9): view('cervezas/crear')
#5 C:\xampp\htdocs\ci\system\CodeIgniter.php(832): App\Controllers\Home->index()
#6 C:\xampp\htdocs\ci\system\CodeIgniter.php(419): CodeIgniter\CodeIgniter->runController(Object(App\Controllers\Home))
#7 C:\xampp\htdocs\ci\system\CodeIgniter.php(326): CodeIgniter\CodeIgniter->handleRequest(NULL, Object(Config\Cache), false)
#8 C:\xampp\htdocs\ci\public\index.php(37): CodeIgniter\CodeIgniter->run()
#9 {main}
CRITICAL - 2022-06-09 23:00:50 --> Undefined variable $data
#0 C:\xampp\htdocs\ci\app\Views\cervezas\crear.php(2): CodeIgniter\Debug\Exceptions->errorHandler(2, 'Undefined varia...', 'C:\\xampp\\htdocs...', 2)
#1 C:\xampp\htdocs\ci\system\View\View.php(210): include('C:\\xampp\\htdocs...')
#2 C:\xampp\htdocs\ci\system\View\View.php(213): CodeIgniter\View\View->CodeIgniter\View\{closure}()
#3 C:\xampp\htdocs\ci\system\Common.php(1089): CodeIgniter\View\View->render('cervezas/crear', Array, true)
#4 C:\xampp\htdocs\ci\app\Controllers\Home.php(9): view('cervezas/crear')
#5 C:\xampp\htdocs\ci\system\CodeIgniter.php(832): App\Controllers\Home->index()
#6 C:\xampp\htdocs\ci\system\CodeIgniter.php(419): CodeIgniter\CodeIgniter->runController(Object(App\Controllers\Home))
#7 C:\xampp\htdocs\ci\system\CodeIgniter.php(326): CodeIgniter\CodeIgniter->handleRequest(NULL, Object(Config\Cache), false)
#8 C:\xampp\htdocs\ci\public\index.php(37): CodeIgniter\CodeIgniter->run()
#9 {main}
CRITICAL - 2022-06-09 23:01:32 --> Undefined variable $datos
#0 C:\xampp\htdocs\ci\app\Views\cervezas\crear.php(2): CodeIgniter\Debug\Exceptions->errorHandler(2, 'Undefined varia...', 'C:\\xampp\\htdocs...', 2)
#1 C:\xampp\htdocs\ci\system\View\View.php(210): include('C:\\xampp\\htdocs...')
#2 C:\xampp\htdocs\ci\system\View\View.php(213): CodeIgniter\View\View->CodeIgniter\View\{closure}()
#3 C:\xampp\htdocs\ci\system\Common.php(1089): CodeIgniter\View\View->render('cervezas/crear', Array, true)
#4 C:\xampp\htdocs\ci\app\Controllers\Home.php(9): view('cervezas/crear')
#5 C:\xampp\htdocs\ci\system\CodeIgniter.php(832): App\Controllers\Home->index()
#6 C:\xampp\htdocs\ci\system\CodeIgniter.php(419): CodeIgniter\CodeIgniter->runController(Object(App\Controllers\Home))
#7 C:\xampp\htdocs\ci\system\CodeIgniter.php(326): CodeIgniter\CodeIgniter->handleRequest(NULL, Object(Config\Cache), false)
#8 C:\xampp\htdocs\ci\public\index.php(37): CodeIgniter\CodeIgniter->run()
#9 {main}
CRITICAL - 2022-06-09 23:02:05 --> Undefined variable $datos
#0 C:\xampp\htdocs\ci\app\Views\cervezas\crear.php(2): CodeIgniter\Debug\Exceptions->errorHandler(2, 'Undefined varia...', 'C:\\xampp\\htdocs...', 2)
#1 C:\xampp\htdocs\ci\system\View\View.php(210): include('C:\\xampp\\htdocs...')
#2 C:\xampp\htdocs\ci\system\View\View.php(213): CodeIgniter\View\View->CodeIgniter\View\{closure}()
#3 C:\xampp\htdocs\ci\system\Common.php(1089): CodeIgniter\View\View->render('cervezas/crear', Array, true)
#4 C:\xampp\htdocs\ci\app\Controllers\Home.php(9): view('cervezas/crear')
#5 C:\xampp\htdocs\ci\system\CodeIgniter.php(832): App\Controllers\Home->index()
#6 C:\xampp\htdocs\ci\system\CodeIgniter.php(419): CodeIgniter\CodeIgniter->runController(Object(App\Controllers\Home))
#7 C:\xampp\htdocs\ci\system\CodeIgniter.php(326): CodeIgniter\CodeIgniter->handleRequest(NULL, Object(Config\Cache), false)
#8 C:\xampp\htdocs\ci\public\index.php(37): CodeIgniter\CodeIgniter->run()
#9 {main}
CRITICAL - 2022-06-09 23:03:14 --> Undefined variable $datos
#0 C:\xampp\htdocs\ci\app\Views\cervezas\crear.php(2): CodeIgniter\Debug\Exceptions->errorHandler(2, 'Undefined varia...', 'C:\\xampp\\htdocs...', 2)
#1 C:\xampp\htdocs\ci\system\View\View.php(210): include('C:\\xampp\\htdocs...')
#2 C:\xampp\htdocs\ci\system\View\View.php(213): CodeIgniter\View\View->CodeIgniter\View\{closure}()
#3 C:\xampp\htdocs\ci\system\Common.php(1089): CodeIgniter\View\View->render('cervezas/crear', Array, true)
#4 C:\xampp\htdocs\ci\app\Controllers\Home.php(9): view('cervezas/crear')
#5 C:\xampp\htdocs\ci\system\CodeIgniter.php(832): App\Controllers\Home->index()
#6 C:\xampp\htdocs\ci\system\CodeIgniter.php(419): CodeIgniter\CodeIgniter->runController(Object(App\Controllers\Home))
#7 C:\xampp\htdocs\ci\system\CodeIgniter.php(326): CodeIgniter\CodeIgniter->handleRequest(NULL, Object(Config\Cache), false)
#8 C:\xampp\htdocs\ci\public\index.php(37): CodeIgniter\CodeIgniter->run()
#9 {main}
CRITICAL - 2022-06-09 23:03:42 --> Undefined variable $datos
#0 C:\xampp\htdocs\ci\app\Views\cervezas\crear.php(2): CodeIgniter\Debug\Exceptions->errorHandler(2, 'Undefined varia...', 'C:\\xampp\\htdocs...', 2)
#1 C:\xampp\htdocs\ci\system\View\View.php(210): include('C:\\xampp\\htdocs...')
#2 C:\xampp\htdocs\ci\system\View\View.php(213): CodeIgniter\View\View->CodeIgniter\View\{closure}()
#3 C:\xampp\htdocs\ci\system\Common.php(1089): CodeIgniter\View\View->render('cervezas/crear', Array, true)
#4 C:\xampp\htdocs\ci\app\Controllers\Home.php(9): view('cervezas/crear')
#5 C:\xampp\htdocs\ci\system\CodeIgniter.php(832): App\Controllers\Home->index()
#6 C:\xampp\htdocs\ci\system\CodeIgniter.php(419): CodeIgniter\CodeIgniter->runController(Object(App\Controllers\Home))
#7 C:\xampp\htdocs\ci\system\CodeIgniter.php(326): CodeIgniter\CodeIgniter->handleRequest(NULL, Object(Config\Cache), false)
#8 C:\xampp\htdocs\ci\public\index.php(37): CodeIgniter\CodeIgniter->run()
#9 {main}
CRITICAL - 2022-06-09 23:04:18 --> Undefined variable $datos
#0 C:\xampp\htdocs\ci\app\Views\cervezas\crear.php(2): CodeIgniter\Debug\Exceptions->errorHandler(2, 'Undefined varia...', 'C:\\xampp\\htdocs...', 2)
#1 C:\xampp\htdocs\ci\system\View\View.php(210): include('C:\\xampp\\htdocs...')
#2 C:\xampp\htdocs\ci\system\View\View.php(213): CodeIgniter\View\View->CodeIgniter\View\{closure}()
#3 C:\xampp\htdocs\ci\system\Common.php(1089): CodeIgniter\View\View->render('cervezas/crear', Array, true)
#4 C:\xampp\htdocs\ci\app\Controllers\Home.php(9): view('cervezas/crear')
#5 C:\xampp\htdocs\ci\system\CodeIgniter.php(832): App\Controllers\Home->index()
#6 C:\xampp\htdocs\ci\system\CodeIgniter.php(419): CodeIgniter\CodeIgniter->runController(Object(App\Controllers\Home))
#7 C:\xampp\htdocs\ci\system\CodeIgniter.php(326): CodeIgniter\CodeIgniter->handleRequest(NULL, Object(Config\Cache), false)
#8 C:\xampp\htdocs\ci\public\index.php(37): CodeIgniter\CodeIgniter->run()
#9 {main}
CRITICAL - 2022-06-09 23:06:38 --> Undefined variable $header
#0 C:\xampp\htdocs\ci\app\Views\cervezas\listar.php(1): CodeIgniter\Debug\Exceptions->errorHandler(2, 'Undefined varia...', 'C:\\xampp\\htdocs...', 1)
#1 C:\xampp\htdocs\ci\system\View\View.php(210): include('C:\\xampp\\htdocs...')
#2 C:\xampp\htdocs\ci\system\View\View.php(213): CodeIgniter\View\View->CodeIgniter\View\{closure}()
#3 C:\xampp\htdocs\ci\system\Common.php(1089): CodeIgniter\View\View->render('cervezas/listar', Array, true)
#4 C:\xampp\htdocs\ci\app\Controllers\Home.php(9): view('cervezas/listar')
#5 C:\xampp\htdocs\ci\system\CodeIgniter.php(832): App\Controllers\Home->index()
#6 C:\xampp\htdocs\ci\system\CodeIgniter.php(419): CodeIgniter\CodeIgniter->runController(Object(App\Controllers\Home))
#7 C:\xampp\htdocs\ci\system\CodeIgniter.php(326): CodeIgniter\CodeIgniter->handleRequest(NULL, Object(Config\Cache), false)
#8 C:\xampp\htdocs\ci\public\index.php(37): CodeIgniter\CodeIgniter->run()
#9 {main}
CRITICAL - 2022-06-09 23:07:39 --> Undefined variable $header
#0 C:\xampp\htdocs\ci\app\Views\cervezas\listar.php(1): CodeIgniter\Debug\Exceptions->errorHandler(2, 'Undefined varia...', 'C:\\xampp\\htdocs...', 1)
#1 C:\xampp\htdocs\ci\system\View\View.php(210): include('C:\\xampp\\htdocs...')
#2 C:\xampp\htdocs\ci\system\View\View.php(213): CodeIgniter\View\View->CodeIgniter\View\{closure}()
#3 C:\xampp\htdocs\ci\system\Common.php(1089): CodeIgniter\View\View->render('cervezas/listar', Array, true)
#4 C:\xampp\htdocs\ci\app\Controllers\Home.php(9): view('cervezas/listar')
#5 C:\xampp\htdocs\ci\system\CodeIgniter.php(832): App\Controllers\Home->index()
#6 C:\xampp\htdocs\ci\system\CodeIgniter.php(419): CodeIgniter\CodeIgniter->runController(Object(App\Controllers\Home))
#7 C:\xampp\htdocs\ci\system\CodeIgniter.php(326): CodeIgniter\CodeIgniter->handleRequest(NULL, Object(Config\Cache), false)
#8 C:\xampp\htdocs\ci\public\index.php(37): CodeIgniter\CodeIgniter->run()
#9 {main}
CRITICAL - 2022-06-09 23:08:06 --> Undefined variable $header
#0 C:\xampp\htdocs\ci\app\Views\cervezas\listar.php(1): CodeIgniter\Debug\Exceptions->errorHandler(2, 'Undefined varia...', 'C:\\xampp\\htdocs...', 1)
#1 C:\xampp\htdocs\ci\system\View\View.php(210): include('C:\\xampp\\htdocs...')
#2 C:\xampp\htdocs\ci\system\View\View.php(213): CodeIgniter\View\View->CodeIgniter\View\{closure}()
#3 C:\xampp\htdocs\ci\system\Common.php(1089): CodeIgniter\View\View->render('cervezas/listar', Array, true)
#4 C:\xampp\htdocs\ci\app\Controllers\Home.php(9): view('cervezas/listar')
#5 C:\xampp\htdocs\ci\system\CodeIgniter.php(832): App\Controllers\Home->index()
#6 C:\xampp\htdocs\ci\system\CodeIgniter.php(419): CodeIgniter\CodeIgniter->runController(Object(App\Controllers\Home))
#7 C:\xampp\htdocs\ci\system\CodeIgniter.php(326): CodeIgniter\CodeIgniter->handleRequest(NULL, Object(Config\Cache), false)
#8 C:\xampp\htdocs\ci\public\index.php(37): CodeIgniter\CodeIgniter->run()
#9 {main}
CRITICAL - 2022-06-09 23:08:12 --> Undefined variable $header
#0 C:\xampp\htdocs\ci\app\Views\cervezas\listar.php(1): CodeIgniter\Debug\Exceptions->errorHandler(2, 'Undefined varia...', 'C:\\xampp\\htdocs...', 1)
#1 C:\xampp\htdocs\ci\system\View\View.php(210): include('C:\\xampp\\htdocs...')
#2 C:\xampp\htdocs\ci\system\View\View.php(213): CodeIgniter\View\View->CodeIgniter\View\{closure}()
#3 C:\xampp\htdocs\ci\system\Common.php(1089): CodeIgniter\View\View->render('cervezas/listar', Array, true)
#4 C:\xampp\htdocs\ci\app\Controllers\Home.php(9): view('cervezas/listar')
#5 C:\xampp\htdocs\ci\system\CodeIgniter.php(832): App\Controllers\Home->index()
#6 C:\xampp\htdocs\ci\system\CodeIgniter.php(419): CodeIgniter\CodeIgniter->runController(Object(App\Controllers\Home))
#7 C:\xampp\htdocs\ci\system\CodeIgniter.php(326): CodeIgniter\CodeIgniter->handleRequest(NULL, Object(Config\Cache), false)
#8 C:\xampp\htdocs\ci\public\index.php(37): CodeIgniter\CodeIgniter->run()
#9 {main}
CRITICAL - 2022-06-09 23:11:17 --> Undefined variable $datos
#0 C:\xampp\htdocs\ci\app\Views\cervezas\listar.php(18): CodeIgniter\Debug\Exceptions->errorHandler(2, 'Undefined varia...', 'C:\\xampp\\htdocs...', 18)
#1 C:\xampp\htdocs\ci\system\View\View.php(210): include('C:\\xampp\\htdocs...')
#2 C:\xampp\htdocs\ci\system\View\View.php(213): CodeIgniter\View\View->CodeIgniter\View\{closure}()
#3 C:\xampp\htdocs\ci\system\Common.php(1089): CodeIgniter\View\View->render('cervezas/listar', Array, true)
#4 C:\xampp\htdocs\ci\app\Controllers\Beer.php(17): view('cervezas/listar', Array)
#5 C:\xampp\htdocs\ci\system\CodeIgniter.php(832): App\Controllers\Beer->index()
#6 C:\xampp\htdocs\ci\system\CodeIgniter.php(419): CodeIgniter\CodeIgniter->runController(Object(App\Controllers\Beer))
#7 C:\xampp\htdocs\ci\system\CodeIgniter.php(326): CodeIgniter\CodeIgniter->handleRequest(NULL, Object(Config\Cache), false)
#8 C:\xampp\htdocs\ci\public\index.php(37): CodeIgniter\CodeIgniter->run()
#9 {main}
CRITICAL - 2022-06-09 23:12:31 --> Invalid file: ../template/header.php
#0 C:\xampp\htdocs\ci\system\View\View.php(198): CodeIgniter\Exceptions\FrameworkException::forInvalidFile('../template/hea...')
#1 C:\xampp\htdocs\ci\system\Common.php(1089): CodeIgniter\View\View->render('../template/hea...', Array, true)
#2 C:\xampp\htdocs\ci\app\Controllers\Beer.php(13): view('../template/hea...')
#3 C:\xampp\htdocs\ci\system\CodeIgniter.php(832): App\Controllers\Beer->index()
#4 C:\xampp\htdocs\ci\system\CodeIgniter.php(419): CodeIgniter\CodeIgniter->runController(Object(App\Controllers\Beer))
#5 C:\xampp\htdocs\ci\system\CodeIgniter.php(326): CodeIgniter\CodeIgniter->handleRequest(NULL, Object(Config\Cache), false)
#6 C:\xampp\htdocs\ci\public\index.php(37): CodeIgniter\CodeIgniter->run()
#7 {main}
CRITICAL - 2022-06-09 23:12:43 --> Undefined variable $datos
#0 C:\xampp\htdocs\ci\app\Views\cervezas\listar.php(18): CodeIgniter\Debug\Exceptions->errorHandler(2, 'Undefined varia...', 'C:\\xampp\\htdocs...', 18)
#1 C:\xampp\htdocs\ci\system\View\View.php(210): include('C:\\xampp\\htdocs...')
#2 C:\xampp\htdocs\ci\system\View\View.php(213): CodeIgniter\View\View->CodeIgniter\View\{closure}()
#3 C:\xampp\htdocs\ci\system\Common.php(1089): CodeIgniter\View\View->render('cervezas/listar', Array, true)
#4 C:\xampp\htdocs\ci\app\Controllers\Beer.php(17): view('cervezas/listar', Array)
#5 C:\xampp\htdocs\ci\system\CodeIgniter.php(832): App\Controllers\Beer->index()
#6 C:\xampp\htdocs\ci\system\CodeIgniter.php(419): CodeIgniter\CodeIgniter->runController(Object(App\Controllers\Beer))
#7 C:\xampp\htdocs\ci\system\CodeIgniter.php(326): CodeIgniter\CodeIgniter->handleRequest(NULL, Object(Config\Cache), false)
#8 C:\xampp\htdocs\ci\public\index.php(37): CodeIgniter\CodeIgniter->run()
#9 {main}
